#
# A fatal error has been detected by the Java Runtime Environment:
#
#  SIGSEGV (0xb) at pc=0x00000001221e412f, pid=6584, tid=0x0000000000000307
#
# JRE version: Java(TM) SE Runtime Environment (8.0_131-b11) (build 1.8.0_131-b11)
# Java VM: Java HotSpot(TM) 64-Bit Server VM (25.131-b11 mixed mode bsd-amd64 compressed oops)
# Problematic frame:
# C  [librxtxSerial.jnilib+0x312f]  Java_gnu_io_RXTXPort_interruptEventLoop+0x6b
#
# Failed to write core dump. Core dumps have been disabled. To enable core dumping, try "ulimit -c unlimited" before starting Java again
#
# If you would like to submit a bug report, please visit:
#   http://bugreport.java.com/bugreport/crash.jsp
# The crash happened outside the Java Virtual Machine in native code.
# See problematic frame for where to report the bug.
#

---------------  T H R E A D  ---------------

Current thread (0x00007f8a4d8fc000):  JavaThread "JavaFX Application Thread" [_thread_in_native, id=775, stack(0x00007fff5a6e4000,0x00007fff5aee4000)]

siginfo: si_signo: 11 (SIGSEGV), si_code: 1 (SEGV_MAPERR), si_addr: 0x0000700003540868

Registers:
RAX=0x0000000000000000, RBX=0x0000700003540700, RCX=0x00007ffff0cfc408, RDX=0xffffffffffffffff
RSP=0x00007fff5aedddc0, RBP=0x00007fff5aedddd0, RSI=0x0000000000000000, RDI=0x000000000000003c
R8 =0x0000000000000000, R9 =0x0000000002faf080, R10=0x0000000000000001, R11=0x0000000000000247
R12=0x0000000000000019, R13=0x0000000107aa09f8, R14=0x00007fff5aedde50, R15=0x00007f8a4d8fc000
RIP=0x00000001221e412f, EFLAGS=0x0000000000010202, ERR=0x0000000000000004
  TRAPNO=0x000000000000000e

Top of Stack: (sp=0x00007fff5aedddc0)
0x00007fff5aedddc0:   0000000107aa09f8 0000000000000000
0x00007fff5aedddd0:   00007fff5aedde30 0000000108ff8c84
0x00007fff5aeddde0:   000000010900a5a3 0000000108ff8702
0x00007fff5aedddf0:   00007fff5aedddf0 0000000107aa09f8
0x00007fff5aedde00:   00007fff5aedde50 0000000107aac888
0x00007fff5aedde10:   0000000000000000 0000000107aa09f8
0x00007fff5aedde20:   0000000000000000 00007fff5aedde50
0x00007fff5aedde30:   00007fff5aedde98 0000000108fe133d
0x00007fff5aedde40:   0000000000000000 0000000108fef478
0x00007fff5aedde50:   000000079760ce38 00007fff5aedde58
0x00007fff5aedde60:   0000000107aa0e9f 00007fff5aeddeb0
0x00007fff5aedde70:   0000000107aac888 0000000000000000
0x00007fff5aedde80:   0000000107aa0f08 00007fff5aedde50
0x00007fff5aedde90:   00007fff5aeddeb0 00007fff5aeddf08
0x00007fff5aeddea0:   0000000108fe133d 0000000000000000
0x00007fff5aeddeb0:   000000079760ce38 0000000000000009
0x00007fff5aeddec0:   000000079760ce18 00007fff5aeddeb8
0x00007fff5aedded0:   0000000107a8868b 00007fff5aeddf18
0x00007fff5aeddee0:   0000000107a88c28 0000000000000000
0x00007fff5aeddef0:   0000000107a886b0 00007fff5aeddeb0
0x00007fff5aeddf00:   00007fff5aeddf18 00007fff5aeddf60
0x00007fff5aeddf10:   0000000108fe133d 000000079760ce18
0x00007fff5aeddf20:   00007fff5aeddf20 00000001078846b7
0x00007fff5aeddf30:   00007fff5aeddf70 00000001078853a0
0x00007fff5aeddf40:   0000000000000000 00000001078846e0
0x00007fff5aeddf50:   00007fff5aeddf18 00007fff5aeddf70
0x00007fff5aeddf60:   00007fff5aeddfb8 0000000108fe133d
0x00007fff5aeddf70:   0000000797600850 00007fff5aeddf78
0x00007fff5aeddf80:   000000010788b449 00007fff5aeddfd0
0x00007fff5aeddf90:   000000010788deb0 0000000000000000
0x00007fff5aeddfa0:   000000010788b478 00007fff5aeddf70
0x00007fff5aeddfb0:   00007fff5aeddfd0 00007fff5aede018 

Instructions: (pc=0x00000001221e412f)
0x00000001221e410f:   00 01 00 00 00 48 8b bb 78 01 00 00 be 06 00 00
0x00000001221e411f:   00 e8 4d 27 00 00 bf 50 c3 00 00 e8 c7 27 00 00
0x00000001221e412f:   83 bb 68 01 00 00 01 74 16 48 8b bb 78 01 00 00
0x00000001221e413f:   e8 16 27 00 00 c7 83 68 01 00 00 01 00 00 00 5b 

Register to memory mapping:

RAX=0x0000000000000000 is an unknown value
RBX=0x0000700003540700 is an unknown value
RCX=0x00007ffff0cfc408: _thread+0x48 in /usr/lib/system/libsystem_pthread.dylib at 0x00007fffe7ff8000
RDX=0xffffffffffffffff is an unknown value
RSP=0x00007fff5aedddc0 is pointing into the stack for thread: 0x00007f8a4d8fc000
RBP=0x00007fff5aedddd0 is pointing into the stack for thread: 0x00007f8a4d8fc000
RSI=0x0000000000000000 is an unknown value
RDI=0x000000000000003c is an unknown value
R8 =0x0000000000000000 is an unknown value
R9 =0x0000000002faf080 is an unknown value
R10=0x0000000000000001 is an unknown value
R11=0x0000000000000247 is an unknown value
R12=0x0000000000000019 is an unknown value
R13={method} {0x0000000107aa09f8} 'interruptEventLoop' '()V' in 'gnu/io/RXTXPort'
R14=0x00007fff5aedde50 is pointing into the stack for thread: 0x00007f8a4d8fc000
R15=0x00007f8a4d8fc000 is a thread


Stack: [0x00007fff5a6e4000,0x00007fff5aee4000],  sp=0x00007fff5aedddc0,  free space=8167k
Native frames: (J=compiled Java code, j=interpreted, Vv=VM code, C=native code)
C  [librxtxSerial.jnilib+0x312f]  Java_gnu_io_RXTXPort_interruptEventLoop+0x6b
j  gnu.io.RXTXPort.interruptEventLoop()V+0
j  gnu.io.RXTXPort.removeEventListener()V+55
j  sample.SerialClass.close()V+11
j  sample.Main.stop()V+7
j  com.sun.javafx.application.LauncherImpl.lambda$launchApplication1$163(Ljavafx/application/Application;)V+1
j  com.sun.javafx.application.LauncherImpl$$Lambda$217.run()V+4
j  com.sun.javafx.application.PlatformImpl.lambda$runAndWait$175(Ljava/lang/Runnable;Ljava/util/concurrent/CountDownLatch;)V+1
j  com.sun.javafx.application.PlatformImpl$$Lambda$47.run()V+8
j  com.sun.javafx.application.PlatformImpl.lambda$null$173(Ljava/lang/Runnable;)Ljava/lang/Void;+1
j  com.sun.javafx.application.PlatformImpl$$Lambda$49.run()Ljava/lang/Object;+4
v  ~StubRoutines::call_stub
V  [libjvm.dylib+0x2ee5b6]  JavaCalls::call_helper(JavaValue*, methodHandle*, JavaCallArguments*, Thread*)+0x6ae
V  [libjvm.dylib+0x34ed14]  JVM_DoPrivileged+0x4b8
J 1267  java.security.AccessController.doPrivileged(Ljava/security/PrivilegedAction;Ljava/security/AccessControlContext;)Ljava/lang/Object; (0 bytes) @ 0x000000010941ec55 [0x000000010941eb80+0xd5]
j  com.sun.javafx.application.PlatformImpl.lambda$runLater$174(Ljava/lang/Runnable;Ljava/security/AccessControlContext;)V+7
j  com.sun.javafx.application.PlatformImpl$$Lambda$48.run()V+8
j  com.sun.glass.ui.InvokeLaterDispatcher$Future.run()V+4
v  ~StubRoutines::call_stub
V  [libjvm.dylib+0x2ee5b6]  JavaCalls::call_helper(JavaValue*, methodHandle*, JavaCallArguments*, Thread*)+0x6ae
V  [libjvm.dylib+0x325765]  jni_invoke_nonstatic(JNIEnv_*, JavaValue*, _jobject*, JNICallType, _jmethodID*, JNI_ArgumentPusher*, Thread*)+0x2ec
V  [libjvm.dylib+0x317f33]  jni_CallVoidMethod+0x16b
C  [libglass.dylib+0x456b]  -[GlassRunnable run]+0x6b
C  [Foundation+0x717ba]  __NSThreadPerformPerform+0x146
C  [CoreFoundation+0xa7321]  __CFRUNLOOP_IS_CALLING_OUT_TO_A_SOURCE0_PERFORM_FUNCTION__+0x11
C  [CoreFoundation+0x8821d]  __CFRunLoopDoSources0+0x22d
C  [CoreFoundation+0x87716]  __CFRunLoopRun+0x3a6
C  [CoreFoundation+0x87114]  CFRunLoopRunSpecific+0x1a4
C  [HIToolbox+0x30ebc]  RunCurrentEventLoopInMode+0xf0
C  [HIToolbox+0x30cf1]  ReceiveNextEventCommon+0x1b0
C  [HIToolbox+0x30b26]  _BlockUntilNextEventMatchingListInModeWithFilter+0x47
C  [AppKit+0x46a54]  _DPSNextEvent+0x460
C  [AppKit+0x7c27ee]  -[NSApplication(NSEvent) _nextEventMatchingEventMask:untilDate:inMode:dequeue:]+0xaec
C  [AppKit+0x3b3db]  -[NSApplication run]+0x39e
C  [libglass.dylib+0x651c]  -[GlassApplication runLoop:]+0x72c
C  [Foundation+0x717ba]  __NSThreadPerformPerform+0x146
C  [CoreFoundation+0xa7321]  __CFRUNLOOP_IS_CALLING_OUT_TO_A_SOURCE0_PERFORM_FUNCTION__+0x11
C  [CoreFoundation+0x8821d]  __CFRunLoopDoSources0+0x22d
C  [CoreFoundation+0x87716]  __CFRunLoopRun+0x3a6
C  [CoreFoundation+0x87114]  CFRunLoopRunSpecific+0x1a4
C  [java+0x6465]  CreateExecutionEnvironment+0x367
C  [java+0x218c]  JLI_Launch+0x7a0
C  [java+0x84c2]  main+0x65
C  [java+0x19e4]  start+0x34
C  0x0000000000000006

Java frames: (J=compiled Java code, j=interpreted, Vv=VM code)
j  gnu.io.RXTXPort.interruptEventLoop()V+0
j  gnu.io.RXTXPort.removeEventListener()V+55
j  sample.SerialClass.close()V+11
j  sample.Main.stop()V+7
j  com.sun.javafx.application.LauncherImpl.lambda$launchApplication1$163(Ljavafx/application/Application;)V+1
j  com.sun.javafx.application.LauncherImpl$$Lambda$217.run()V+4
j  com.sun.javafx.application.PlatformImpl.lambda$runAndWait$175(Ljava/lang/Runnable;Ljava/util/concurrent/CountDownLatch;)V+1
j  com.sun.javafx.application.PlatformImpl$$Lambda$47.run()V+8
j  com.sun.javafx.application.PlatformImpl.lambda$null$173(Ljava/lang/Runnable;)Ljava/lang/Void;+1
j  com.sun.javafx.application.PlatformImpl$$Lambda$49.run()Ljava/lang/Object;+4
v  ~StubRoutines::call_stub
J 1267  java.security.AccessController.doPrivileged(Ljava/security/PrivilegedAction;Ljava/security/AccessControlContext;)Ljava/lang/Object; (0 bytes) @ 0x000000010941ebe3 [0x000000010941eb80+0x63]
j  com.sun.javafx.application.PlatformImpl.lambda$runLater$174(Ljava/lang/Runnable;Ljava/security/AccessControlContext;)V+7
j  com.sun.javafx.application.PlatformImpl$$Lambda$48.run()V+8
j  com.sun.glass.ui.InvokeLaterDispatcher$Future.run()V+4
v  ~StubRoutines::call_stub

---------------  P R O C E S S  ---------------

Java Threads: ( => current thread )
  0x00007f8a4e9d5800 JavaThread "Prism Font Disposer" daemon [_thread_blocked, id=62471, stack(0x00007000036ca000,0x00007000037ca000)]
  0x00007f8a4d948800 JavaThread "JavaFX-Launcher" [_thread_blocked, id=55043, stack(0x00007000035c7000,0x00007000036c7000)]
  0x00007f8a4d947800 JavaThread "Thread-3" daemon [_thread_in_native, id=39171, stack(0x00007000032b8000,0x0000700003338000)]
=>0x00007f8a4d8fc000 JavaThread "JavaFX Application Thread" [_thread_in_native, id=775, stack(0x00007fff5a6e4000,0x00007fff5aee4000)]
  0x00007f8a4d8fd000 JavaThread "Thread-1" daemon [_thread_blocked, id=26631, stack(0x00007000031b5000,0x00007000032b5000)]
  0x00007f8a4e91f000 JavaThread "QuantumRenderer-0" daemon [_thread_blocked, id=21251, stack(0x00007000030b2000,0x00007000031b2000)]
  0x00007f8a4e066000 JavaThread "Service Thread" daemon [_thread_blocked, id=20227, stack(0x0000700002eac000,0x0000700002fac000)]
  0x00007f8a4d88a800 JavaThread "C1 CompilerThread2" daemon [_thread_blocked, id=19715, stack(0x0000700002da9000,0x0000700002ea9000)]
  0x00007f8a4d880000 JavaThread "C2 CompilerThread1" daemon [_thread_blocked, id=19203, stack(0x0000700002ca6000,0x0000700002da6000)]
  0x00007f8a4e00a800 JavaThread "C2 CompilerThread0" daemon [_thread_blocked, id=18691, stack(0x0000700002ba3000,0x0000700002ca3000)]
  0x00007f8a4e80c800 JavaThread "JDWP Command Reader" daemon [_thread_in_native, id=18179, stack(0x0000700002aa0000,0x0000700002ba0000)]
  0x00007f8a4e814000 JavaThread "JDWP Event Helper Thread" daemon [_thread_blocked, id=17667, stack(0x000070000299d000,0x0000700002a9d000)]
  0x00007f8a4d87b000 JavaThread "JDWP Transport Listener: dt_socket" daemon [_thread_blocked, id=17155, stack(0x000070000289a000,0x000070000299a000)]
  0x00007f8a4d87a000 JavaThread "Signal Dispatcher" daemon [_thread_blocked, id=16643, stack(0x0000700002797000,0x0000700002897000)]
  0x00007f8a4f00a800 JavaThread "Finalizer" daemon [_thread_blocked, id=12547, stack(0x0000700002694000,0x0000700002794000)]
  0x00007f8a4f002000 JavaThread "Reference Handler" daemon [_thread_blocked, id=12035, stack(0x0000700002591000,0x0000700002691000)]
  0x00007f8a4d808000 JavaThread "main" [_thread_blocked, id=7171, stack(0x0000700001f7f000,0x000070000207f000)]

Other Threads:
  0x00007f8a4d865000 VMThread [stack: 0x000070000248e000,0x000070000258e000] [id=11523]
  0x00007f8a4e066800 WatcherThread [stack: 0x0000700002faf000,0x00007000030af000] [id=20739]

VM state:not at safepoint (normal execution)

VM Mutex/Monitor currently owned by a thread: None

Heap:
 PSYoungGen      total 38400K, used 12463K [0x0000000795580000, 0x0000000798000000, 0x00000007c0000000)
  eden space 33280K, 24% used [0x0000000795580000,0x0000000795d4f228,0x0000000797600000)
  from space 5120K, 87% used [0x0000000797600000,0x0000000797a5cac0,0x0000000797b00000)
  to   space 5120K, 0% used [0x0000000797b00000,0x0000000797b00000,0x0000000798000000)
 ParOldGen       total 87552K, used 16K [0x0000000740000000, 0x0000000745580000, 0x0000000795580000)
  object space 87552K, 0% used [0x0000000740000000,0x0000000740004000,0x0000000745580000)
 Metaspace       used 15669K, capacity 16586K, committed 16896K, reserved 1062912K
  class space    used 2314K, capacity 2499K, committed 2560K, reserved 1048576K

Card table byte_map: [0x00000001069ae000,0x0000000106daf000] byte_map_base: 0x0000000102fae000

Marking Bits: (ParMarkBitMap*) 0x0000000105ef1ea0
 Begin Bits: [0x0000000117fd9000, 0x0000000119fd9000)
 End Bits:   [0x0000000119fd9000, 0x000000011bfd9000)

Polling page: 0x0000000104ddc000

CodeCache: size=245760Kb used=4785Kb max_used=4785Kb free=240974Kb
 bounds [0x0000000108fd9000, 0x0000000109489000, 0x0000000117fd9000]
 total_blobs=2090 nmethods=1458 adapters=553
 compilation: enabled

Compilation events (10 events):
Event: 5.121 Thread 0x00007f8a4d88a800 1453       3       com.sun.javafx.tk.quantum.QuantumToolkit$$Lambda$42/1398570856::run (8 bytes)
Event: 5.121 Thread 0x00007f8a4d88a800 nmethod 1453 0x000000010947e890 code [0x000000010947ea40, 0x000000010947eea8]
Event: 5.121 Thread 0x00007f8a4d88a800 1454   !   3       com.sun.javafx.tk.quantum.QuantumToolkit::lambda$runToolkit$405 (16 bytes)
Event: 5.122 Thread 0x00007f8a4d88a800 nmethod 1454 0x000000010947f0d0 code [0x000000010947f260, 0x000000010947f648]
Event: 5.189 Thread 0x00007f8a4d88a800 1455       1       com.sun.javafx.stage.WindowEventDispatcher::getFirstDispatcher (5 bytes)
Event: 5.189 Thread 0x00007f8a4d88a800 nmethod 1455 0x000000010947f7d0 code [0x000000010947f920, 0x000000010947fa30]
Event: 5.195 Thread 0x00007f8a4d88a800 1457       3       java.lang.String::toString (2 bytes)
Event: 5.195 Thread 0x00007f8a4d88a800 nmethod 1457 0x000000010947fdd0 code [0x000000010947ff20, 0x0000000109480070]
Event: 5.219 Thread 0x00007f8a4d88a800 1458       3       jdk.internal.org.objectweb.asm.ClassWriter::toByteArray (1289 bytes)
Event: 5.223 Thread 0x00007f8a4d88a800 nmethod 1458 0x00000001094800d0 code [0x0000000109480900, 0x0000000109484738]

GC Heap History (2 events):
Event: 2.306 GC heap before
{Heap before GC invocations=1 (full 0):
 PSYoungGen      total 38400K, used 33280K [0x0000000795580000, 0x0000000798000000, 0x00000007c0000000)
  eden space 33280K, 100% used [0x0000000795580000,0x0000000797600000,0x0000000797600000)
  from space 5120K, 0% used [0x0000000797b00000,0x0000000797b00000,0x0000000798000000)
  to   space 5120K, 0% used [0x0000000797600000,0x0000000797600000,0x0000000797b00000)
 ParOldGen       total 87552K, used 0K [0x0000000740000000, 0x0000000745580000, 0x0000000795580000)
  object space 87552K, 0% used [0x0000000740000000,0x0000000740000000,0x0000000745580000)
 Metaspace       used 15086K, capacity 15984K, committed 16128K, reserved 1062912K
  class space    used 2245K, capacity 2440K, committed 2560K, reserved 1048576K
Event: 2.326 GC heap after
Heap after GC invocations=1 (full 0):
 PSYoungGen      total 38400K, used 4466K [0x0000000795580000, 0x0000000798000000, 0x00000007c0000000)
  eden space 33280K, 0% used [0x0000000795580000,0x0000000795580000,0x0000000797600000)
  from space 5120K, 87% used [0x0000000797600000,0x0000000797a5cac0,0x0000000797b00000)
  to   space 5120K, 0% used [0x0000000797b00000,0x0000000797b00000,0x0000000798000000)
 ParOldGen       total 87552K, used 16K [0x0000000740000000, 0x0000000745580000, 0x0000000795580000)
  object space 87552K, 0% used [0x0000000740000000,0x0000000740004000,0x0000000745580000)
 Metaspace       used 15086K, capacity 15984K, committed 16128K, reserved 1062912K
  class space    used 2245K, capacity 2440K, committed 2560K, reserved 1048576K
}

Deoptimization events (10 events):
Event: 1.483 Thread 0x00007f8a4d8fc000 Uncommon trap: reason=class_check action=maybe_recompile pc=0x0000000109218598 method=java.io.DataInputStream.readShort()S @ 4
Event: 1.484 Thread 0x00007f8a4d8fc000 Uncommon trap: reason=class_check action=maybe_recompile pc=0x0000000109218598 method=java.io.DataInputStream.readShort()S @ 4
Event: 1.485 Thread 0x00007f8a4d8fc000 Uncommon trap: reason=class_check action=maybe_recompile pc=0x0000000109218598 method=java.io.DataInputStream.readShort()S @ 4
Event: 1.485 Thread 0x00007f8a4d8fc000 Uncommon trap: reason=class_check action=maybe_recompile pc=0x0000000109218598 method=java.io.DataInputStream.readShort()S @ 4
Event: 1.493 Thread 0x00007f8a4d8fc000 Uncommon trap: reason=class_check action=maybe_recompile pc=0x00000001090f6084 method=java.lang.String.equals(Ljava/lang/Object;)Z @ 8
Event: 1.493 Thread 0x00007f8a4d8fc000 Uncommon trap: reason=class_check action=maybe_recompile pc=0x00000001090f6084 method=java.lang.String.equals(Ljava/lang/Object;)Z @ 8
Event: 1.493 Thread 0x00007f8a4d8fc000 Uncommon trap: reason=class_check action=maybe_recompile pc=0x00000001090f6084 method=java.lang.String.equals(Ljava/lang/Object;)Z @ 8
Event: 1.795 Thread 0x00007f8a4d8fc000 Uncommon trap: reason=unstable_if action=reinterpret pc=0x00000001092a9c70 method=java.lang.CharacterData.of(I)Ljava/lang/CharacterData; @ 4
Event: 1.835 Thread 0x00007f8a4d8fc000 Uncommon trap: reason=class_check action=maybe_recompile pc=0x00000001090f6084 method=java.lang.String.equals(Ljava/lang/Object;)Z @ 8
Event: 2.264 Thread 0x00007f8a4d8fc000 Uncommon trap: reason=unstable_if action=reinterpret pc=0x00000001093138e8 method=jdk.internal.org.objectweb.asm.Type.getArgumentsAndReturnSizes(Ljava/lang/String;)I @ 47

Internal exceptions (10 events):
Event: 0.527 Thread 0x00007f8a4d808000 Exception <a 'java/security/PrivilegedActionException'> (0x00000007959246d0) thrown at [/Users/java_re/workspace/8-2-build-macosx-x86_64/jdk8u131/8869/hotspot/src/share/vm/prims/jvm.cpp, line 1390]
Event: 0.528 Thread 0x00007f8a4d808000 Exception <a 'java/lang/NullPointerException'> (0x0000000795925030) thrown at [/Users/java_re/workspace/8-2-build-macosx-x86_64/jdk8u131/8869/hotspot/src/share/vm/interpreter/linkResolver.cpp, line 1197]
Event: 0.931 Thread 0x00007f8a4d808000 Exception <a 'java/io/FileNotFoundException'> (0x0000000796039a70) thrown at [/Users/java_re/workspace/8-2-build-macosx-x86_64/jdk8u131/8869/hotspot/src/share/vm/prims/jni.cpp, line 709]
Event: 0.932 Thread 0x00007f8a4d808000 Exception <a 'java/io/FileNotFoundException'> (0x000000079603bed0) thrown at [/Users/java_re/workspace/8-2-build-macosx-x86_64/jdk8u131/8869/hotspot/src/share/vm/prims/jni.cpp, line 709]
Event: 0.934 Thread 0x00007f8a4d808000 Exception <a 'java/io/FileNotFoundException'> (0x000000079604c428) thrown at [/Users/java_re/workspace/8-2-build-macosx-x86_64/jdk8u131/8869/hotspot/src/share/vm/prims/jni.cpp, line 709]
Event: 0.935 Thread 0x00007f8a4d808000 Exception <a 'java/io/FileNotFoundException'> (0x000000079604e728) thrown at [/Users/java_re/workspace/8-2-build-macosx-x86_64/jdk8u131/8869/hotspot/src/share/vm/prims/jni.cpp, line 709]
Event: 0.975 Thread 0x00007f8a4d8fc000 Exception <a 'java/io/FileNotFoundException'> (0x0000000795fba3b0) thrown at [/Users/java_re/workspace/8-2-build-macosx-x86_64/jdk8u131/8869/hotspot/src/share/vm/prims/jni.cpp, line 709]
Event: 0.976 Thread 0x00007f8a4d8fc000 Exception <a 'java/io/FileNotFoundException'> (0x0000000795fbaee8) thrown at [/Users/java_re/workspace/8-2-build-macosx-x86_64/jdk8u131/8869/hotspot/src/share/vm/prims/jni.cpp, line 709]
Event: 1.193 Thread 0x00007f8a4d8fc000 Exception <a 'java/lang/NullPointerException'> (0x000000079639fe48) thrown at [/Users/java_re/workspace/8-2-build-macosx-x86_64/jdk8u131/8869/hotspot/src/share/vm/interpreter/linkResolver.cpp, line 1197]
Event: 1.193 Thread 0x00007f8a4d8fc000 Exception <a 'java/lang/NullPointerException'> (0x000000079639fe48) thrown at [/Users/java_re/workspace/8-2-build-macosx-x86_64/jdk8u131/8869/hotspot/src/share/vm/prims/jvm.cpp, line 1394]

Events (10 events):
Event: 5.193 loading class com/sun/javafx/tk/quantum/ViewScene done
Event: 5.195 loading class com/sun/javafx/tk/quantum/WindowStage
Event: 5.195 loading class com/sun/javafx/tk/quantum/WindowStage done
Event: 5.218 loading class java/util/concurrent/CopyOnWriteArrayList$COWIterator
Event: 5.218 loading class java/util/concurrent/CopyOnWriteArrayList$COWIterator done
Event: 5.219 loading class javafx/application/Application
Event: 5.219 loading class javafx/application/Application done
Event: 5.219 loading class javafx/application/Application
Event: 5.219 loading class javafx/application/Application done
Event: 5.234 Thread 0x00007f8a4f0c2800 Thread exited: 0x00007f8a4f0c2800


Dynamic libraries:
0x000000005d26b000 	/System/Library/Frameworks/Cocoa.framework/Versions/A/Cocoa
0x000000005d26b000 	/System/Library/Frameworks/Security.framework/Versions/A/Security
0x000000005d26b000 	/System/Library/Frameworks/ApplicationServices.framework/Versions/A/ApplicationServices
0x000000005d26b000 	/usr/lib/libz.1.dylib
0x000000005d26b000 	/usr/lib/libSystem.B.dylib
0x000000005d26b000 	/usr/lib/libobjc.A.dylib
0x000000005d26b000 	/System/Library/Frameworks/CoreFoundation.framework/Versions/A/CoreFoundation
0x000000005d26b000 	/System/Library/Frameworks/Foundation.framework/Versions/C/Foundation
0x000000005d26b000 	/System/Library/Frameworks/AppKit.framework/Versions/C/AppKit
0x000000005d26b000 	/System/Library/Frameworks/CoreData.framework/Versions/A/CoreData
0x000000005d26b000 	/System/Library/PrivateFrameworks/RemoteViewServices.framework/Versions/A/RemoteViewServices
0x000000005d26b000 	/System/Library/PrivateFrameworks/UIFoundation.framework/Versions/A/UIFoundation
0x000000005d26b000 	/System/Library/PrivateFrameworks/DFRFoundation.framework/Versions/A/DFRFoundation
0x000000005d26b000 	/usr/lib/libenergytrace.dylib
0x000000005d26b000 	/System/Library/PrivateFrameworks/SkyLight.framework/Versions/A/SkyLight
0x000000005d26b000 	/System/Library/Frameworks/CoreGraphics.framework/Versions/A/CoreGraphics
0x000000005d26b000 	/usr/lib/libScreenReader.dylib
0x000000005d26b000 	/System/Library/Frameworks/Accelerate.framework/Versions/A/Accelerate
0x000000005d26b000 	/System/Library/Frameworks/IOSurface.framework/Versions/A/IOSurface
0x000000005d26b000 	/System/Library/Frameworks/AudioToolbox.framework/Versions/A/AudioToolbox
0x000000005d26b000 	/System/Library/Frameworks/AudioUnit.framework/Versions/A/AudioUnit
0x000000005d26b000 	/System/Library/PrivateFrameworks/DataDetectorsCore.framework/Versions/A/DataDetectorsCore
0x000000005d26b000 	/System/Library/PrivateFrameworks/DesktopServicesPriv.framework/Versions/A/DesktopServicesPriv
0x000000005d26b000 	/System/Library/Frameworks/Carbon.framework/Versions/A/Frameworks/HIToolbox.framework/Versions/A/HIToolbox
0x000000005d26b000 	/usr/lib/libicucore.A.dylib
0x000000005d26b000 	/System/Library/Frameworks/QuartzCore.framework/Versions/A/QuartzCore
0x000000005d26b000 	/System/Library/Frameworks/Carbon.framework/Versions/A/Frameworks/SpeechRecognition.framework/Versions/A/SpeechRecognition
0x000000005d26b000 	/usr/lib/libauto.dylib
0x000000005d26b000 	/usr/lib/libxml2.2.dylib
0x000000005d26b000 	/System/Library/PrivateFrameworks/CoreUI.framework/Versions/A/CoreUI
0x000000005d26b000 	/System/Library/Frameworks/CoreAudio.framework/Versions/A/CoreAudio
0x000000005d26b000 	/System/Library/Frameworks/DiskArbitration.framework/Versions/A/DiskArbitration
0x000000005d26b000 	/usr/lib/liblangid.dylib
0x000000005d26b000 	/System/Library/PrivateFrameworks/MultitouchSupport.framework/Versions/A/MultitouchSupport
0x000000005d26b000 	/System/Library/Frameworks/IOKit.framework/Versions/A/IOKit
0x000000005d26b000 	/usr/lib/libDiagnosticMessagesClient.dylib
0x000000005d26b000 	/System/Library/Frameworks/CoreServices.framework/Versions/A/CoreServices
0x000000005d26b000 	/System/Library/PrivateFrameworks/PerformanceAnalysis.framework/Versions/A/PerformanceAnalysis
0x000000005d26b000 	/System/Library/PrivateFrameworks/GenerationalStorage.framework/Versions/A/GenerationalStorage
0x000000005d26b000 	/System/Library/Frameworks/OpenGL.framework/Versions/A/OpenGL
0x000000005d26b000 	/System/Library/Frameworks/CoreImage.framework/Versions/A/CoreImage
0x000000005d26b000 	/System/Library/Frameworks/CoreText.framework/Versions/A/CoreText
0x000000005d26b000 	/System/Library/Frameworks/ImageIO.framework/Versions/A/ImageIO
0x000000005d26b000 	/System/Library/PrivateFrameworks/Backup.framework/Versions/A/Backup
0x000000005d26b000 	/usr/lib/libarchive.2.dylib
0x000000005d26b000 	/System/Library/Frameworks/CFNetwork.framework/Versions/A/CFNetwork
0x000000005d26b000 	/System/Library/Frameworks/SystemConfiguration.framework/Versions/A/SystemConfiguration
0x000000005d26b000 	/usr/lib/libCRFSuite.dylib
0x000000005d26b000 	/usr/lib/libc++.1.dylib
0x000000005d26b000 	/usr/lib/libc++abi.dylib
0x000000005d26b000 	/usr/lib/system/libcache.dylib
0x000000005d26b000 	/usr/lib/system/libcommonCrypto.dylib
0x000000005d26b000 	/usr/lib/system/libcompiler_rt.dylib
0x000000005d26b000 	/usr/lib/system/libcopyfile.dylib
0x000000005d26b000 	/usr/lib/system/libcorecrypto.dylib
0x000000005d26b000 	/usr/lib/system/libdispatch.dylib
0x000000005d26b000 	/usr/lib/system/libdyld.dylib
0x000000005d26b000 	/usr/lib/system/libkeymgr.dylib
0x000000005d26b000 	/usr/lib/system/liblaunch.dylib
0x000000005d26b000 	/usr/lib/system/libmacho.dylib
0x000000005d26b000 	/usr/lib/system/libquarantine.dylib
0x000000005d26b000 	/usr/lib/system/libremovefile.dylib
0x000000005d26b000 	/usr/lib/system/libsystem_asl.dylib
0x000000005d26b000 	/usr/lib/system/libsystem_blocks.dylib
0x000000005d26b000 	/usr/lib/system/libsystem_c.dylib
0x000000005d26b000 	/usr/lib/system/libsystem_configuration.dylib
0x000000005d26b000 	/usr/lib/system/libsystem_coreservices.dylib
0x000000005d26b000 	/usr/lib/system/libsystem_coretls.dylib
0x000000005d26b000 	/usr/lib/system/libsystem_dnssd.dylib
0x000000005d26b000 	/usr/lib/system/libsystem_info.dylib
0x000000005d26b000 	/usr/lib/system/libsystem_kernel.dylib
0x000000005d26b000 	/usr/lib/system/libsystem_m.dylib
0x000000005d26b000 	/usr/lib/system/libsystem_malloc.dylib
0x000000005d26b000 	/usr/lib/system/libsystem_network.dylib
0x000000005d26b000 	/usr/lib/system/libsystem_networkextension.dylib
0x000000005d26b000 	/usr/lib/system/libsystem_notify.dylib
0x000000005d26b000 	/usr/lib/system/libsystem_platform.dylib
0x000000005d26b000 	/usr/lib/system/libsystem_pthread.dylib
0x000000005d26b000 	/usr/lib/system/libsystem_sandbox.dylib
0x000000005d26b000 	/usr/lib/system/libsystem_secinit.dylib
0x000000005d26b000 	/usr/lib/system/libsystem_symptoms.dylib
0x000000005d26b000 	/usr/lib/system/libsystem_trace.dylib
0x000000005d26b000 	/usr/lib/system/libunwind.dylib
0x000000005d26b000 	/usr/lib/system/libxpc.dylib
0x000000005d26b000 	/usr/lib/libbsm.0.dylib
0x000000005d26b000 	/usr/lib/system/libkxld.dylib
0x000000005d26b000 	/usr/lib/libcoretls.dylib
0x000000005d26b000 	/usr/lib/libcoretls_cfhelpers.dylib
0x000000005d26b000 	/usr/lib/libOpenScriptingUtil.dylib
0x000000005d26b000 	/usr/lib/libpam.2.dylib
0x000000005d26b000 	/usr/lib/libsqlite3.dylib
0x000000005d26b000 	/usr/lib/libxar.1.dylib
0x000000005d26b000 	/usr/lib/libbz2.1.0.dylib
0x000000005d26b000 	/usr/lib/liblzma.5.dylib
0x000000005d26b000 	/usr/lib/libnetwork.dylib
0x000000005d26b000 	/usr/lib/libpcap.A.dylib
0x000000005d26b000 	/System/Library/Frameworks/CoreServices.framework/Versions/A/Frameworks/FSEvents.framework/Versions/A/FSEvents
0x000000005d26b000 	/System/Library/Frameworks/CoreServices.framework/Versions/A/Frameworks/CarbonCore.framework/Versions/A/CarbonCore
0x000000005d26b000 	/System/Library/Frameworks/CoreServices.framework/Versions/A/Frameworks/Metadata.framework/Versions/A/Metadata
0x000000005d26b000 	/System/Library/Frameworks/CoreServices.framework/Versions/A/Frameworks/OSServices.framework/Versions/A/OSServices
0x000000005d26b000 	/System/Library/Frameworks/CoreServices.framework/Versions/A/Frameworks/SearchKit.framework/Versions/A/SearchKit
0x000000005d26b000 	/System/Library/Frameworks/CoreServices.framework/Versions/A/Frameworks/AE.framework/Versions/A/AE
0x000000005d26b000 	/System/Library/Frameworks/CoreServices.framework/Versions/A/Frameworks/LaunchServices.framework/Versions/A/LaunchServices
0x000000005d26b000 	/System/Library/Frameworks/CoreServices.framework/Versions/A/Frameworks/DictionaryServices.framework/Versions/A/DictionaryServices
0x000000005d26b000 	/System/Library/Frameworks/CoreServices.framework/Versions/A/Frameworks/SharedFileList.framework/Versions/A/SharedFileList
0x000000005d26b000 	/System/Library/Frameworks/NetFS.framework/Versions/A/NetFS
0x000000005d26b000 	/System/Library/PrivateFrameworks/NetAuth.framework/Versions/A/NetAuth
0x000000005d26b000 	/System/Library/PrivateFrameworks/login.framework/Versions/A/Frameworks/loginsupport.framework/Versions/A/loginsupport
0x000000005d26b000 	/System/Library/PrivateFrameworks/TCC.framework/Versions/A/TCC
0x000000005d26b000 	/usr/lib/libmecabra.dylib
0x000000005d26b000 	/System/Library/Frameworks/ApplicationServices.framework/Versions/A/Frameworks/ATS.framework/Versions/A/ATS
0x000000005d26b000 	/System/Library/Frameworks/ApplicationServices.framework/Versions/A/Frameworks/ColorSync.framework/Versions/A/ColorSync
0x000000005d26b000 	/System/Library/Frameworks/ApplicationServices.framework/Versions/A/Frameworks/HIServices.framework/Versions/A/HIServices
0x000000005d26b000 	/System/Library/Frameworks/ApplicationServices.framework/Versions/A/Frameworks/LangAnalysis.framework/Versions/A/LangAnalysis
0x000000005d26b000 	/System/Library/Frameworks/ApplicationServices.framework/Versions/A/Frameworks/PrintCore.framework/Versions/A/PrintCore
0x000000005d26b000 	/System/Library/Frameworks/ApplicationServices.framework/Versions/A/Frameworks/QD.framework/Versions/A/QD
0x000000005d26b000 	/System/Library/Frameworks/ApplicationServices.framework/Versions/A/Frameworks/SpeechSynthesis.framework/Versions/A/SpeechSynthesis
0x000000005d26b000 	/System/Library/Frameworks/Accelerate.framework/Versions/A/Frameworks/vImage.framework/Versions/A/vImage
0x000000005d26b000 	/System/Library/Frameworks/Accelerate.framework/Versions/A/Frameworks/vecLib.framework/Versions/A/vecLib
0x000000005d26b000 	/System/Library/Frameworks/Accelerate.framework/Versions/A/Frameworks/vecLib.framework/Versions/A/libvDSP.dylib
0x000000005d26b000 	/System/Library/Frameworks/Accelerate.framework/Versions/A/Frameworks/vecLib.framework/Versions/A/libBNNS.dylib
0x000000005d26b000 	/System/Library/Frameworks/Accelerate.framework/Versions/A/Frameworks/vecLib.framework/Versions/A/libQuadrature.dylib
0x000000005d26b000 	/System/Library/Frameworks/Accelerate.framework/Versions/A/Frameworks/vecLib.framework/Versions/A/libvMisc.dylib
0x000000005d26b000 	/System/Library/Frameworks/Accelerate.framework/Versions/A/Frameworks/vecLib.framework/Versions/A/libLAPACK.dylib
0x000000005d26b000 	/System/Library/Frameworks/Accelerate.framework/Versions/A/Frameworks/vecLib.framework/Versions/A/libBLAS.dylib
0x000000005d26b000 	/System/Library/Frameworks/Accelerate.framework/Versions/A/Frameworks/vecLib.framework/Versions/A/libLinearAlgebra.dylib
0x000000005d26b000 	/System/Library/Frameworks/Accelerate.framework/Versions/A/Frameworks/vecLib.framework/Versions/A/libSparseBLAS.dylib
0x000000005d26b000 	/System/Library/Frameworks/ApplicationServices.framework/Versions/A/Frameworks/ATS.framework/Versions/A/Resources/libFontParser.dylib
0x000000005d26b000 	/System/Library/Frameworks/ApplicationServices.framework/Versions/A/Frameworks/ATS.framework/Versions/A/Resources/libFontRegistry.dylib
0x000000005d26b000 	/System/Library/Frameworks/ImageIO.framework/Versions/A/Resources/libJPEG.dylib
0x000000005d26b000 	/System/Library/Frameworks/ImageIO.framework/Versions/A/Resources/libTIFF.dylib
0x000000005d26b000 	/System/Library/Frameworks/ImageIO.framework/Versions/A/Resources/libPng.dylib
0x000000005d26b000 	/System/Library/Frameworks/ImageIO.framework/Versions/A/Resources/libGIF.dylib
0x000000005d26b000 	/System/Library/Frameworks/ImageIO.framework/Versions/A/Resources/libJP2.dylib
0x000000005d26b000 	/System/Library/Frameworks/ImageIO.framework/Versions/A/Resources/libRadiance.dylib
0x000000005d26b000 	/usr/lib/libcompression.dylib
0x000000005d26b000 	/System/Library/PrivateFrameworks/AppleJPEG.framework/Versions/A/AppleJPEG
0x000000005d26b000 	/usr/lib/libcups.2.dylib
0x000000005d26b000 	/System/Library/Frameworks/Kerberos.framework/Versions/A/Kerberos
0x000000005d26b000 	/System/Library/Frameworks/GSS.framework/Versions/A/GSS
0x000000005d26b000 	/usr/lib/libresolv.9.dylib
0x000000005d26b000 	/usr/lib/libiconv.2.dylib
0x000000005d26b000 	/System/Library/PrivateFrameworks/Heimdal.framework/Versions/A/Heimdal
0x000000005d26b000 	/usr/lib/libheimdal-asn1.dylib
0x000000005d26b000 	/System/Library/Frameworks/OpenDirectory.framework/Versions/A/OpenDirectory
0x000000005d26b000 	/System/Library/PrivateFrameworks/CommonAuth.framework/Versions/A/CommonAuth
0x000000005d26b000 	/System/Library/Frameworks/OpenDirectory.framework/Versions/A/Frameworks/CFOpenDirectory.framework/Versions/A/CFOpenDirectory
0x000000005d26b000 	/System/Library/Frameworks/SecurityFoundation.framework/Versions/A/SecurityFoundation
0x000000005d26b000 	/System/Library/PrivateFrameworks/LanguageModeling.framework/Versions/A/LanguageModeling
0x000000005d26b000 	/usr/lib/libmarisa.dylib
0x000000005d26b000 	/usr/lib/libChineseTokenizer.dylib
0x000000005d26b000 	/usr/lib/libcmph.dylib
0x000000005d26b000 	/System/Library/PrivateFrameworks/CoreEmoji.framework/Versions/A/CoreEmoji
0x000000005d26b000 	/System/Library/Frameworks/ServiceManagement.framework/Versions/A/ServiceManagement
0x000000005d26b000 	/usr/lib/libxslt.1.dylib
0x000000005d26b000 	/System/Library/Frameworks/Carbon.framework/Versions/A/Frameworks/Ink.framework/Versions/A/Ink
0x000000005d26b000 	/System/Library/PrivateFrameworks/TextureIO.framework/Versions/A/TextureIO
0x000000005d26b000 	/System/Library/Frameworks/Metal.framework/Versions/A/Metal
0x000000005d26b000 	/usr/lib/libate.dylib
0x000000005d26b000 	/System/Library/PrivateFrameworks/GPUCompiler.framework/libmetal_timestamp.dylib
0x000000005d26b000 	/System/Library/Frameworks/OpenGL.framework/Versions/A/Libraries/libCoreFSCache.dylib
0x000000005d26b000 	/System/Library/PrivateFrameworks/IOAccelerator.framework/Versions/A/IOAccelerator
0x000000005d26b000 	/System/Library/Frameworks/CoreVideo.framework/Versions/A/CoreVideo
0x000000005d26b000 	/usr/lib/libFosl_dynamic.dylib
0x000000005d26b000 	/System/Library/PrivateFrameworks/MetalPerformanceShaders.framework/Versions/A/MetalPerformanceShaders
0x000000005d26b000 	/System/Library/PrivateFrameworks/FaceCore.framework/Versions/A/FaceCore
0x000000005d26b000 	/System/Library/Frameworks/OpenCL.framework/Versions/A/OpenCL
0x000000005d26b000 	/System/Library/Frameworks/OpenGL.framework/Versions/A/Libraries/libGLU.dylib
0x000000005d26b000 	/System/Library/Frameworks/OpenGL.framework/Versions/A/Libraries/libGFXShared.dylib
0x000000005d26b000 	/System/Library/Frameworks/OpenGL.framework/Versions/A/Libraries/libGL.dylib
0x000000005d26b000 	/System/Library/Frameworks/OpenGL.framework/Versions/A/Libraries/libGLImage.dylib
0x000000005d26b000 	/System/Library/Frameworks/OpenGL.framework/Versions/A/Libraries/libCVMSPluginSupport.dylib
0x000000005d26b000 	/System/Library/Frameworks/OpenGL.framework/Versions/A/Libraries/libCoreVMClient.dylib
0x000000005d26b000 	/System/Library/PrivateFrameworks/CrashReporterSupport.framework/Versions/A/CrashReporterSupport
0x000000005d26b000 	/System/Library/PrivateFrameworks/Sharing.framework/Versions/A/Sharing
0x000000005d26b000 	/System/Library/PrivateFrameworks/IconServices.framework/Versions/A/IconServices
0x000000005d26b000 	/System/Library/PrivateFrameworks/ProtocolBuffer.framework/Versions/A/ProtocolBuffer
0x000000005d26b000 	/System/Library/PrivateFrameworks/Apple80211.framework/Versions/A/Apple80211
0x000000005d26b000 	/System/Library/Frameworks/CoreWLAN.framework/Versions/A/CoreWLAN
0x000000005d26b000 	/System/Library/PrivateFrameworks/CoreUtils.framework/Versions/A/CoreUtils
0x000000005d26b000 	/System/Library/Frameworks/IOBluetooth.framework/Versions/A/IOBluetooth
0x000000005d26b000 	/System/Library/PrivateFrameworks/CoreWiFi.framework/Versions/A/CoreWiFi
0x000000005d26b000 	/System/Library/Frameworks/CoreBluetooth.framework/Versions/A/CoreBluetooth
0x000000005d26b000 	/System/Library/Frameworks/CoreDisplay.framework/Versions/A/CoreDisplay
0x000000005d26b000 	/System/Library/PrivateFrameworks/IOPresentment.framework/Versions/A/IOPresentment
0x000000005d26b000 	/System/Library/PrivateFrameworks/DSExternalDisplay.framework/Versions/A/DSExternalDisplay
0x000000005d26b000 	/System/Library/PrivateFrameworks/DebugSymbols.framework/Versions/A/DebugSymbols
0x000000005d26b000 	/System/Library/PrivateFrameworks/CoreSymbolication.framework/Versions/A/CoreSymbolication
0x000000005d26b000 	/System/Library/PrivateFrameworks/Symbolication.framework/Versions/A/Symbolication
0x000000005d26b000 	/System/Library/PrivateFrameworks/AppleFSCompression.framework/Versions/A/AppleFSCompression
0x000000005d26b000 	/System/Library/PrivateFrameworks/SpeechRecognitionCore.framework/Versions/A/SpeechRecognitionCore
0x000000005d26b000 	/System/Library/PrivateFrameworks/ChunkingLibrary.framework/Versions/A/ChunkingLibrary
0x0000000105600000 	/Library/Java/JavaVirtualMachines/jdk1.8.0_131.jdk/Contents/Home/jre/lib/server/libjvm.dylib
0x000000005d26b000 	/usr/lib/libstdc++.6.dylib
0x0000000104d99000 	/Library/Java/JavaVirtualMachines/jdk1.8.0_131.jdk/Contents/Home/jre/lib/libverify.dylib
0x0000000104da7000 	/Library/Java/JavaVirtualMachines/jdk1.8.0_131.jdk/Contents/Home/jre/lib/libjava.dylib
0x00000001065a3000 	/Library/Java/JavaVirtualMachines/jdk1.8.0_131.jdk/Contents/Home/jre/lib/libjdwp.dylib
0x0000000104ddd000 	/Library/Java/JavaVirtualMachines/jdk1.8.0_131.jdk/Contents/Home/jre/lib/libnpt.dylib
0x0000000104dea000 	/Library/Java/JavaVirtualMachines/jdk1.8.0_131.jdk/Contents/Home/jre/lib/libzip.dylib
0x0000000108e51000 	/System/Library/Frameworks/JavaVM.framework/Frameworks/JavaRuntimeSupport.framework/JavaRuntimeSupport
0x0000000108e6b000 	/System/Library/Frameworks/JavaVM.framework/Versions/A/Frameworks/JavaNativeFoundation.framework/Versions/A/JavaNativeFoundation
0x0000000108e80000 	/System/Library/Frameworks/JavaVM.framework/Versions/A/JavaVM
0x000000005d26b000 	/System/Library/Frameworks/Carbon.framework/Versions/A/Carbon
0x0000000104df4000 	/System/Library/PrivateFrameworks/JavaLaunching.framework/Versions/A/JavaLaunching
0x000000005d26b000 	/System/Library/Frameworks/Carbon.framework/Versions/A/Frameworks/CommonPanels.framework/Versions/A/CommonPanels
0x000000005d26b000 	/System/Library/Frameworks/Carbon.framework/Versions/A/Frameworks/Help.framework/Versions/A/Help
0x000000005d26b000 	/System/Library/Frameworks/Carbon.framework/Versions/A/Frameworks/ImageCapture.framework/Versions/A/ImageCapture
0x000000005d26b000 	/System/Library/Frameworks/Carbon.framework/Versions/A/Frameworks/OpenScripting.framework/Versions/A/OpenScripting
0x000000005d26b000 	/System/Library/Frameworks/Carbon.framework/Versions/A/Frameworks/Print.framework/Versions/A/Print
0x000000005d26b000 	/System/Library/Frameworks/Carbon.framework/Versions/A/Frameworks/SecurityHI.framework/Versions/A/SecurityHI
0x0000000108eda000 	/Library/Java/JavaVirtualMachines/jdk1.8.0_131.jdk/Contents/Home/jre/lib/libdt_socket.dylib
0x000000011dad8000 	/Library/Java/JavaVirtualMachines/jdk1.8.0_131.jdk/Contents/Home/jre/lib/libprism_es2.dylib
0x000000011db3d000 	/System/Library/Frameworks/OpenGL.framework/Resources/GLEngine.bundle/GLEngine
0x000000005d26b000 	/System/Library/Frameworks/OpenGL.framework/Versions/A/Libraries/libGLProgrammability.dylib
0x000000011dd22000 	/System/Library/Extensions/AppleIntelBDWGraphicsGLDriver.bundle/Contents/MacOS/AppleIntelBDWGraphicsGLDriver
0x000000005d26b000 	/System/Library/PrivateFrameworks/GPUSupport.framework/Versions/A/Libraries/libGPUSupportMercury.dylib
0x000000011e48f000 	/System/Library/Frameworks/OpenGL.framework/Resources//GLRendererFloat.bundle/GLRendererFloat
0x000000005d26b000 	/System/Library/Frameworks/OpenCL.framework/Versions/A/Libraries/libcldcpuengine.dylib
0x000000005d26b000 	/usr/lib/libcrypto.0.9.8.dylib
0x000000005d26b000 	/System/Library/PrivateFrameworks/TrustEvaluationAgent.framework/Versions/A/TrustEvaluationAgent
0x000000011e8b2000 	/Library/Java/JavaVirtualMachines/jdk1.8.0_131.jdk/Contents/Home/jre/lib/libglass.dylib
0x000000005d26b000 	/System/Library/PrivateFrameworks/CoreServicesInternal.framework/Versions/A/CoreServicesInternal
0x000000005d26b000 	/System/Library/CoreServices/RawCamera.bundle/Contents/MacOS/RawCamera
0x000000005d26b000 	/System/Library/Frameworks/Accelerate.framework/Versions/A/Frameworks/vImage.framework/Versions/A/Libraries/libCGInterfaces.dylib
0x000000005d26b000 	/System/Library/PrivateFrameworks/FamilyControls.framework/Versions/A/FamilyControls
0x000000005d26b000 	/System/Library/PrivateFrameworks/CommerceKit.framework/Versions/A/Frameworks/CommerceCore.framework/Versions/A/CommerceCore
0x000000005d26b000 	/System/Library/PrivateFrameworks/SystemAdministration.framework/Versions/A/SystemAdministration
0x000000005d26b000 	/System/Library/PrivateFrameworks/AppContainer.framework/Versions/A/AppContainer
0x000000005d26b000 	/System/Library/PrivateFrameworks/SecCodeWrapper.framework/Versions/A/SecCodeWrapper
0x000000005d26b000 	/System/Library/Frameworks/DirectoryService.framework/Versions/A/DirectoryService
0x000000005d26b000 	/System/Library/PrivateFrameworks/DiskImages.framework/Versions/A/DiskImages
0x000000005d26b000 	/System/Library/PrivateFrameworks/LoginUIKit.framework/Versions/A/Frameworks/LoginUICore.framework/Versions/A/LoginUICore
0x000000005d26b000 	/usr/lib/libCoreStorage.dylib
0x000000005d26b000 	/usr/lib/libcsfde.dylib
0x000000005d26b000 	/usr/lib/libodfde.dylib
0x000000005d26b000 	/System/Library/Frameworks/DiscRecording.framework/Versions/A/DiscRecording
0x000000005d26b000 	/usr/lib/libcurl.4.dylib
0x000000005d26b000 	/System/Library/PrivateFrameworks/MediaKit.framework/Versions/A/MediaKit
0x000000005d26b000 	/System/Library/PrivateFrameworks/ProtectedCloudStorage.framework/Versions/A/ProtectedCloudStorage
0x000000005d26b000 	/System/Library/PrivateFrameworks/EFILogin.framework/Versions/A/EFILogin
0x000000005d26b000 	/usr/lib/libutil.dylib
0x000000005d26b000 	/System/Library/Frameworks/LDAP.framework/Versions/A/LDAP
0x000000005d26b000 	/usr/lib/libsasl2.2.dylib
0x000000005d26b000 	/System/Library/PrivateFrameworks/CoreDaemon.framework/Versions/B/CoreDaemon
0x000000005d26b000 	/System/Library/PrivateFrameworks/AppleSRP.framework/Versions/A/AppleSRP
0x000000005d26b000 	/System/Library/PrivateFrameworks/APFS.framework/Versions/A/APFS
0x00000001221e1000 	/Library/Java/Extensions/librxtxSerial.jnilib
0x00000001221ef000 	/Library/Java/JavaVirtualMachines/jdk1.8.0_131.jdk/Contents/Home/jre/lib/libawt.dylib
0x0000000122297000 	/Library/Java/JavaVirtualMachines/jdk1.8.0_131.jdk/Contents/Home/jre/lib/./libmlib_image.dylib
0x0000000122363000 	/Library/Java/JavaVirtualMachines/jdk1.8.0_131.jdk/Contents/Home/jre/lib/libawt_lwawt.dylib
0x000000012241a000 	/Library/Java/JavaVirtualMachines/jdk1.8.0_131.jdk/Contents/Home/jre/lib/./libosxapp.dylib
0x000000005d26b000 	/System/Library/Frameworks/ExceptionHandling.framework/Versions/A/ExceptionHandling
0x0000000122436000 	/Library/Java/JavaVirtualMachines/jdk1.8.0_131.jdk/Contents/Home/jre/lib/libfontmanager.dylib
0x000000005d26b000 	/System/Library/Frameworks/ApplicationServices.framework/Versions/A/Frameworks/ATS.framework/Versions/A/Resources/libTrueTypeScaler.dylib
0x0000000123394000 	/System/Library/Extensions/AppleIntelBDWGraphicsMTLDriver.bundle/Contents/MacOS/AppleIntelBDWGraphicsMTLDriver
0x000000012337f000 	/Library/Java/JavaVirtualMachines/jdk1.8.0_131.jdk/Contents/Home/jre/lib/libjavafx_font.dylib
0x000000005d26b000 	/System/Library/PrivateFrameworks/ViewBridge.framework/Versions/A/ViewBridge
0x000000005d26b000 	/System/Library/PrivateFrameworks/XPCService.framework/Versions/A/XPCService
0x000000005d26b000 	/System/Library/PrivateFrameworks/AppSandbox.framework/Versions/A/AppSandbox
0x000000005d26b000 	/usr/lib/libsandbox.1.dylib
0x000000005d26b000 	/usr/lib/libMatch.1.dylib
0x0000000125af6000 	/Library/Java/JavaVirtualMachines/jdk1.8.0_131.jdk/Contents/Home/jre/lib/libprism_common.dylib

VM Arguments:
jvm_args: -agentlib:jdwp=transport=dt_socket,address=127.0.0.1:54094,suspend=y,server=n -Dfile.encoding=UTF-8 
java_command: sample.Main
java_class_path (initial): /Library/Java/JavaVirtualMachines/jdk1.8.0_131.jdk/Contents/Home/jre/lib/charsets.jar:/Library/Java/JavaVirtualMachines/jdk1.8.0_131.jdk/Contents/Home/jre/lib/deploy.jar:/Library/Java/JavaVirtualMachines/jdk1.8.0_131.jdk/Contents/Home/jre/lib/ext/cldrdata.jar:/Library/Java/JavaVirtualMachines/jdk1.8.0_131.jdk/Contents/Home/jre/lib/ext/dnsns.jar:/Library/Java/JavaVirtualMachines/jdk1.8.0_131.jdk/Contents/Home/jre/lib/ext/jaccess.jar:/Library/Java/JavaVirtualMachines/jdk1.8.0_131.jdk/Contents/Home/jre/lib/ext/jfxrt.jar:/Library/Java/JavaVirtualMachines/jdk1.8.0_131.jdk/Contents/Home/jre/lib/ext/localedata.jar:/Library/Java/JavaVirtualMachines/jdk1.8.0_131.jdk/Contents/Home/jre/lib/ext/nashorn.jar:/Library/Java/JavaVirtualMachines/jdk1.8.0_131.jdk/Contents/Home/jre/lib/ext/sunec.jar:/Library/Java/JavaVirtualMachines/jdk1.8.0_131.jdk/Contents/Home/jre/lib/ext/sunjce_provider.jar:/Library/Java/JavaVirtualMachines/jdk1.8.0_131.jdk/Contents/Home/jre/lib/ext/sunpkcs11.jar:/Library/Java/JavaVirtualMachines/jdk1.8.0_131.jdk/Contents/Home/jre/lib/ext/zipfs.jar:/Library/Java/JavaVirtualMachines/jdk1.8.0_131.jdk/Contents/Home/jre/lib/javaws.jar:/Library/Java/JavaVirtualMachines/jdk1.8.0_131.jdk/Contents/Home/jre/lib/jce.jar:/Library/Java/JavaVirtualMachines/jdk1.8.0_131.jdk/Contents/Home/jre/lib/jfr.jar:/Library/Java/JavaVirtualMachines/jdk1.8.0_131.jdk/Contents/Home/jre/lib/jfxswt.jar:/Library/Java/JavaVirtualMachines/jdk1.8.0_131.jdk/Contents/Home/jre/lib/jsse.jar:/Library/Java/JavaVirtualMachines/jdk1.8.0_131.jdk/Contents/Home/jre/lib/management-agent.jar:/Library/Java/JavaVirtualMachines/jdk1.8.0_131.jdk/Contents/Home/jre/lib/plugin.jar:/Library/Java/JavaVirtualMachines/jdk1.8.0_131.jdk/Contents/Home/jre/lib/resources.jar:/Library/Java/JavaVirtualMachines/jdk1.8.0_131.jdk/Contents/Home/jre/lib/rt.jar:/Library/Java/JavaVirtualMachines/jdk1.8.0_131.jdk/Contents/Home/lib/ant-javafx.jar:/Library/Java/JavaVirtualMachines/jdk1.8.0_131.jdk/Contents/Home
Launcher Type: SUN_STANDARD

Environment Variables:
PATH=/Users/thisum/google-cloud-sdk/bin:/Library/Frameworks/Python.framework/Versions/3.6/bin:/usr/local/bin:/usr/bin:/bin:/usr/sbin:/sbin:/opt/X11/bin
SHELL=/bin/bash
DISPLAY=/private/tmp/com.apple.launchd.W47yRcYQYK/org.macosforge.xquartz:0

Signal Handlers:
SIGSEGV: [libjvm.dylib+0x5b1eb1], sa_mask[0]=11111111011111110111111111111111, sa_flags=SA_ONSTACK|SA_RESTART|SA_SIGINFO
SIGBUS: [libjvm.dylib+0x5b1eb1], sa_mask[0]=11111111011111110111111111111111, sa_flags=SA_RESTART|SA_SIGINFO
SIGFPE: [libjvm.dylib+0x488988], sa_mask[0]=11111111011111110111111111111111, sa_flags=SA_RESTART|SA_SIGINFO
SIGPIPE: [libjvm.dylib+0x488988], sa_mask[0]=11111111011111110111111111111111, sa_flags=SA_RESTART|SA_SIGINFO
SIGXFSZ: [libjvm.dylib+0x488988], sa_mask[0]=11111111011111110111111111111111, sa_flags=SA_RESTART|SA_SIGINFO
SIGILL: [libjvm.dylib+0x488988], sa_mask[0]=11111111011111110111111111111111, sa_flags=SA_RESTART|SA_SIGINFO
SIGUSR1: SIG_DFL, sa_mask[0]=00000000000000000000000000000000, sa_flags=none
SIGUSR2: [libjvm.dylib+0x4884a6], sa_mask[0]=00100000000000000000000000000000, sa_flags=SA_RESTART|SA_SIGINFO
SIGHUP: [libjvm.dylib+0x486a7d], sa_mask[0]=11111111011111110111111111111111, sa_flags=SA_RESTART|SA_SIGINFO
SIGINT: [libjvm.dylib+0x486a7d], sa_mask[0]=11111111011111110111111111111111, sa_flags=SA_RESTART|SA_SIGINFO
SIGTERM: [libjvm.dylib+0x486a7d], sa_mask[0]=11111111011111110111111111111111, sa_flags=SA_RESTART|SA_SIGINFO
SIGQUIT: [libjvm.dylib+0x486a7d], sa_mask[0]=11111111011111110111111111111111, sa_flags=SA_RESTART|SA_SIGINFO


---------------  S Y S T E M  ---------------

OS:Bsduname:Darwin 16.6.0 Darwin Kernel Version 16.6.0: Fri Apr 14 16:21:16 PDT 2017; root:xnu-3789.60.24~6/RELEASE_X86_64 x86_64
rlimit: STACK 8192k, CORE 0k, NPROC 709, NOFILE 10240, AS infinity
load average:2.20 2.10 2.24

CPU:total 4 (initial active 4) (2 cores per cpu, 2 threads per core) family 6 model 61 stepping 4, cmov, cx8, fxsr, mmx, sse, sse2, sse3, ssse3, sse4.1, sse4.2, popcnt, avx, avx2, aes, clmul, erms, 3dnowpref, lzcnt, ht, tsc, tscinvbit, bmi1, bmi2, adx

Memory: 4k page, physical 8388608k(350736k free)

/proc/meminfo:


vm_info: Java HotSpot(TM) 64-Bit Server VM (25.131-b11) for bsd-amd64 JRE (1.8.0_131-b11), built on Mar 15 2017 01:32:22 by "java_re" with gcc 4.2.1 (Based on Apple Inc. build 5658) (LLVM build 2336.11.00)

time: Mon Sep  3 22:35:29 2018
elapsed time: 5 seconds (0d 0h 0m 5s)

