#
# A fatal error has been detected by the Java Runtime Environment:
#
#  SIGSEGV (0xb) at pc=0x000000012860912f, pid=7665, tid=0x0000000000000307
#
# JRE version: Java(TM) SE Runtime Environment (8.0_131-b11) (build 1.8.0_131-b11)
# Java VM: Java HotSpot(TM) 64-Bit Server VM (25.131-b11 mixed mode bsd-amd64 compressed oops)
# Problematic frame:
# C  [librxtxSerial.jnilib+0x312f]  Java_gnu_io_RXTXPort_interruptEventLoop+0x6b
#
# Failed to write core dump. Core dumps have been disabled. To enable core dumping, try "ulimit -c unlimited" before starting Java again
#
# If you would like to submit a bug report, please visit:
#   http://bugreport.java.com/bugreport/crash.jsp
# The crash happened outside the Java Virtual Machine in native code.
# See problematic frame for where to report the bug.
#

---------------  T H R E A D  ---------------

Current thread (0x00007feb85108000):  JavaThread "JavaFX Application Thread" [_thread_in_native, id=775, stack(0x00007fff51938000,0x00007fff52138000)]

siginfo: si_signo: 11 (SIGSEGV), si_code: 1 (SEGV_MAPERR), si_addr: 0x00007000059c9868

Registers:
RAX=0x0000000000000000, RBX=0x00007000059c9700, RCX=0x00007ffff0cfc408, RDX=0xffffffffffffffff
RSP=0x00007fff52131db0, RBP=0x00007fff52131dc0, RSI=0x0000000000000000, RDI=0x000000000000003c
R8 =0x0000000000000000, R9 =0x0000000002faf080, R10=0x0000000000000001, R11=0x0000000000000247
R12=0x0000000000000020, R13=0x000000012bf85988, R14=0x00007fff52131e40, R15=0x00007feb85108000
RIP=0x000000012860912f, EFLAGS=0x0000000000010206, ERR=0x0000000000000004
  TRAPNO=0x000000000000000e

Top of Stack: (sp=0x00007fff52131db0)
0x00007fff52131db0:   000000012bf85988 0000000000000000
0x00007fff52131dc0:   00007fff52131e20 0000000114ca39f4
0x00007fff52131dd0:   0000000114caf6e3 0000000114ca3742
0x00007fff52131de0:   00007fff52131de0 000000012bf85988
0x00007fff52131df0:   00007fff52131e40 000000012bf94bd8
0x00007fff52131e00:   0000000000000000 000000012bf85988
0x00007fff52131e10:   0000000000000000 00007fff52131e40
0x00007fff52131e20:   00007fff52131e88 0000000114c942bd
0x00007fff52131e30:   0000000000000000 0000000114c9d538
0x00007fff52131e40:   0000000740ef5dc8 00007fff52131e48
0x00007fff52131e50:   000000012bf85e2f 00007fff52131ea0
0x00007fff52131e60:   000000012bf94bd8 0000000000000000
0x00007fff52131e70:   000000012bf85e98 00007fff52131e40
0x00007fff52131e80:   00007fff52131ea0 00007fff52131ef8
0x00007fff52131e90:   0000000114c942bd 0000000000000000
0x00007fff52131ea0:   0000000740ef5dc8 0000000000000001
0x00007fff52131eb0:   00000007407dde20 00007fff52131ea8
0x00007fff52131ec0:   000000011464a59b 00007fff52131f08
0x00007fff52131ed0:   000000011464a8b0 0000000000000000
0x00007fff52131ee0:   000000011464a5c0 00007fff52131ea0
0x00007fff52131ef0:   00007fff52131f08 00007fff52131f50
0x00007fff52131f00:   0000000114c942bd 00000007407dde20
0x00007fff52131f10:   00007fff52131f10 000000011463c821
0x00007fff52131f20:   00007fff52131f60 000000011463d150
0x00007fff52131f30:   0000000000000000 000000011463c848
0x00007fff52131f40:   00007fff52131f08 00007fff52131f60
0x00007fff52131f50:   00007fff52131fa8 0000000114c942bd
0x00007fff52131f60:   0000000740f158b8 00007fff52131f68
0x00007fff52131f70:   0000000114651449 00007fff52131fc0
0x00007fff52131f80:   0000000114653da0 0000000000000000
0x00007fff52131f90:   0000000114651478 00007fff52131f60
0x00007fff52131fa0:   00007fff52131fc0 00007fff52132008 

Instructions: (pc=0x000000012860912f)
0x000000012860910f:   00 01 00 00 00 48 8b bb 78 01 00 00 be 06 00 00
0x000000012860911f:   00 e8 4d 27 00 00 bf 50 c3 00 00 e8 c7 27 00 00
0x000000012860912f:   83 bb 68 01 00 00 01 74 16 48 8b bb 78 01 00 00
0x000000012860913f:   e8 16 27 00 00 c7 83 68 01 00 00 01 00 00 00 5b 

Register to memory mapping:

RAX=0x0000000000000000 is an unknown value
RBX=0x00007000059c9700 is an unknown value
RCX=0x00007ffff0cfc408: _thread+0x48 in /usr/lib/system/libsystem_pthread.dylib at 0x00007fffe7ff8000
RDX=0xffffffffffffffff is an unknown value
RSP=0x00007fff52131db0 is pointing into the stack for thread: 0x00007feb85108000
RBP=0x00007fff52131dc0 is pointing into the stack for thread: 0x00007feb85108000
RSI=0x0000000000000000 is an unknown value
RDI=0x000000000000003c is an unknown value
R8 =0x0000000000000000 is an unknown value
R9 =0x0000000002faf080 is an unknown value
R10=0x0000000000000001 is an unknown value
R11=0x0000000000000247 is an unknown value
R12=0x0000000000000020 is an unknown value
R13={method} {0x000000012bf85988} 'interruptEventLoop' '()V' in 'gnu/io/RXTXPort'
R14=0x00007fff52131e40 is pointing into the stack for thread: 0x00007feb85108000
R15=0x00007feb85108000 is a thread


Stack: [0x00007fff51938000,0x00007fff52138000],  sp=0x00007fff52131db0,  free space=8167k
Native frames: (J=compiled Java code, j=interpreted, Vv=VM code, C=native code)
C  [librxtxSerial.jnilib+0x312f]  Java_gnu_io_RXTXPort_interruptEventLoop+0x6b
j  gnu.io.RXTXPort.interruptEventLoop()V+0
j  gnu.io.RXTXPort.removeEventListener()V+55
j  sample.SerialClass.close()V+11
j  sample.Main.stop()V+9
j  com.sun.javafx.application.LauncherImpl.lambda$launchApplication1$163(Ljavafx/application/Application;)V+1
j  com.sun.javafx.application.LauncherImpl$$Lambda$313.run()V+4
j  com.sun.javafx.application.PlatformImpl.lambda$runAndWait$175(Ljava/lang/Runnable;Ljava/util/concurrent/CountDownLatch;)V+1
j  com.sun.javafx.application.PlatformImpl$$Lambda$47.run()V+8
J 3538 C1 com.sun.javafx.application.PlatformImpl$$Lambda$49.run()Ljava/lang/Object; (8 bytes) @ 0x00000001157f920c [0x00000001157f90c0+0x14c]
v  ~StubRoutines::call_stub
V  [libjvm.dylib+0x2ee5b6]  JavaCalls::call_helper(JavaValue*, methodHandle*, JavaCallArguments*, Thread*)+0x6ae
V  [libjvm.dylib+0x34ed14]  JVM_DoPrivileged+0x4b8
J 1735  java.security.AccessController.doPrivileged(Ljava/security/PrivilegedAction;Ljava/security/AccessControlContext;)Ljava/lang/Object; (0 bytes) @ 0x00000001151ebc15 [0x00000001151ebb40+0xd5]
J 3535 C1 com.sun.javafx.application.PlatformImpl.lambda$runLater$174(Ljava/lang/Runnable;Ljava/security/AccessControlContext;)V (38 bytes) @ 0x00000001157f831c [0x00000001157f7f00+0x41c]
J 3534 C1 com.sun.javafx.application.PlatformImpl$$Lambda$48.run()V (12 bytes) @ 0x00000001157ed10c [0x00000001157ed080+0x8c]
J 3062 C1 com.sun.glass.ui.InvokeLaterDispatcher$Future.run()V (91 bytes) @ 0x00000001155f5614 [0x00000001155f5500+0x114]
v  ~StubRoutines::call_stub
V  [libjvm.dylib+0x2ee5b6]  JavaCalls::call_helper(JavaValue*, methodHandle*, JavaCallArguments*, Thread*)+0x6ae
V  [libjvm.dylib+0x325765]  jni_invoke_nonstatic(JNIEnv_*, JavaValue*, _jobject*, JNICallType, _jmethodID*, JNI_ArgumentPusher*, Thread*)+0x2ec
V  [libjvm.dylib+0x317f33]  jni_CallVoidMethod+0x16b
C  [libglass.dylib+0x456b]  -[GlassRunnable run]+0x6b
C  [Foundation+0x717ba]  __NSThreadPerformPerform+0x146
C  [CoreFoundation+0xa7321]  __CFRUNLOOP_IS_CALLING_OUT_TO_A_SOURCE0_PERFORM_FUNCTION__+0x11
C  [CoreFoundation+0x8821d]  __CFRunLoopDoSources0+0x22d
C  [CoreFoundation+0x87716]  __CFRunLoopRun+0x3a6
C  [CoreFoundation+0x87114]  CFRunLoopRunSpecific+0x1a4
C  [HIToolbox+0x30ebc]  RunCurrentEventLoopInMode+0xf0
C  [HIToolbox+0x30cf1]  ReceiveNextEventCommon+0x1b0
C  [HIToolbox+0x30b26]  _BlockUntilNextEventMatchingListInModeWithFilter+0x47
C  [AppKit+0x46a54]  _DPSNextEvent+0x460
C  [AppKit+0x7c27ee]  -[NSApplication(NSEvent) _nextEventMatchingEventMask:untilDate:inMode:dequeue:]+0xaec
C  [AppKit+0x3b3db]  -[NSApplication run]+0x39e
C  [libglass.dylib+0x651c]  -[GlassApplication runLoop:]+0x72c
C  [Foundation+0x717ba]  __NSThreadPerformPerform+0x146
C  [CoreFoundation+0xa7321]  __CFRUNLOOP_IS_CALLING_OUT_TO_A_SOURCE0_PERFORM_FUNCTION__+0x11
C  [CoreFoundation+0x8821d]  __CFRunLoopDoSources0+0x22d
C  [CoreFoundation+0x87716]  __CFRunLoopRun+0x3a6
C  [CoreFoundation+0x87114]  CFRunLoopRunSpecific+0x1a4
C  [java+0x6465]  CreateExecutionEnvironment+0x367
C  [java+0x218c]  JLI_Launch+0x7a0
C  [java+0x84c2]  main+0x65
C  [java+0x19e4]  start+0x34
C  0x0000000000000006

Java frames: (J=compiled Java code, j=interpreted, Vv=VM code)
j  gnu.io.RXTXPort.interruptEventLoop()V+0
j  gnu.io.RXTXPort.removeEventListener()V+55
j  sample.SerialClass.close()V+11
j  sample.Main.stop()V+9
j  com.sun.javafx.application.LauncherImpl.lambda$launchApplication1$163(Ljavafx/application/Application;)V+1
j  com.sun.javafx.application.LauncherImpl$$Lambda$313.run()V+4
j  com.sun.javafx.application.PlatformImpl.lambda$runAndWait$175(Ljava/lang/Runnable;Ljava/util/concurrent/CountDownLatch;)V+1
j  com.sun.javafx.application.PlatformImpl$$Lambda$47.run()V+8
J 3538 C1 com.sun.javafx.application.PlatformImpl$$Lambda$49.run()Ljava/lang/Object; (8 bytes) @ 0x00000001157f920c [0x00000001157f90c0+0x14c]
v  ~StubRoutines::call_stub
J 1735  java.security.AccessController.doPrivileged(Ljava/security/PrivilegedAction;Ljava/security/AccessControlContext;)Ljava/lang/Object; (0 bytes) @ 0x00000001151ebba3 [0x00000001151ebb40+0x63]
J 3535 C1 com.sun.javafx.application.PlatformImpl.lambda$runLater$174(Ljava/lang/Runnable;Ljava/security/AccessControlContext;)V (38 bytes) @ 0x00000001157f831c [0x00000001157f7f00+0x41c]
J 3534 C1 com.sun.javafx.application.PlatformImpl$$Lambda$48.run()V (12 bytes) @ 0x00000001157ed10c [0x00000001157ed080+0x8c]
J 3062 C1 com.sun.glass.ui.InvokeLaterDispatcher$Future.run()V (91 bytes) @ 0x00000001155f5614 [0x00000001155f5500+0x114]
v  ~StubRoutines::call_stub

---------------  P R O C E S S  ---------------

Java Threads: ( => current thread )
  0x00007feb85192800 JavaThread "Prism Font Disposer" daemon [_thread_blocked, id=55563, stack(0x00007000057c7000,0x00007000058c7000)]
  0x00007feb85a1d800 JavaThread "JavaFX-Launcher" [_thread_blocked, id=51971, stack(0x00007000056c4000,0x00007000057c4000)]
  0x00007feb8515e800 JavaThread "Thread-3" daemon [_thread_in_native, id=38147, stack(0x000070000553b000,0x00007000055bb000)]
=>0x00007feb85108000 JavaThread "JavaFX Application Thread" [_thread_in_native, id=775, stack(0x00007fff51938000,0x00007fff52138000)]
  0x00007feb860e6000 JavaThread "Thread-1" daemon [_thread_blocked, id=25607, stack(0x0000700005438000,0x0000700005538000)]
  0x00007feb859c4800 JavaThread "QuantumRenderer-0" daemon [_thread_blocked, id=20227, stack(0x0000700005335000,0x0000700005435000)]
  0x00007feb86836000 JavaThread "Service Thread" daemon [_thread_blocked, id=19203, stack(0x000070000512f000,0x000070000522f000)]
  0x00007feb86084800 JavaThread "C1 CompilerThread2" daemon [_thread_blocked, id=18691, stack(0x000070000502c000,0x000070000512c000)]
  0x00007feb85079800 JavaThread "C2 CompilerThread1" daemon [_thread_blocked, id=18179, stack(0x0000700004f29000,0x0000700005029000)]
  0x00007feb86084000 JavaThread "C2 CompilerThread0" daemon [_thread_blocked, id=17667, stack(0x0000700004e26000,0x0000700004f26000)]
  0x00007feb86082000 JavaThread "Monitor Ctrl-Break" daemon [_thread_in_native, id=17155, stack(0x0000700004d23000,0x0000700004e23000)]
  0x00007feb85814000 JavaThread "Signal Dispatcher" daemon [_thread_blocked, id=16643, stack(0x0000700004c20000,0x0000700004d20000)]
  0x00007feb85014800 JavaThread "Finalizer" daemon [_thread_blocked, id=12291, stack(0x0000700004a9a000,0x0000700004b9a000)]
  0x00007feb86002800 JavaThread "Reference Handler" daemon [_thread_blocked, id=11779, stack(0x0000700004997000,0x0000700004a97000)]
  0x00007feb86805800 JavaThread "main" [_thread_blocked, id=6915, stack(0x0000700004385000,0x0000700004485000)]

Other Threads:
  0x00007feb8580f800 VMThread [stack: 0x0000700004894000,0x0000700004994000] [id=11267]
  0x00007feb86837000 WatcherThread [stack: 0x0000700005232000,0x0000700005332000] [id=19715]

VM state:not at safepoint (normal execution)

VM Mutex/Monitor currently owned by a thread: None

Heap:
 PSYoungGen      total 227840K, used 91008K [0x0000000795580000, 0x00000007a4180000, 0x00000007c0000000)
  eden space 223744K, 39% used [0x0000000795580000,0x000000079ab4a728,0x00000007a3000000)
  from space 4096K, 77% used [0x00000007a3400000,0x00000007a3715ab0,0x00000007a3800000)
  to   space 4096K, 0% used [0x00000007a3000000,0x00000007a3000000,0x00000007a3400000)
 ParOldGen       total 87552K, used 35309K [0x0000000740000000, 0x0000000745580000, 0x0000000795580000)
  object space 87552K, 40% used [0x0000000740000000,0x000000074227b460,0x0000000745580000)
 Metaspace       used 18323K, capacity 19546K, committed 19712K, reserved 1067008K
  class space    used 2530K, capacity 2766K, committed 2816K, reserved 1048576K

Card table byte_map: [0x000000010f763000,0x000000010fb64000] byte_map_base: 0x000000010bd63000

Marking Bits: (ParMarkBitMap*) 0x000000010ecf1ea0
 Begin Bits: [0x000000010fe0f000, 0x0000000111e0f000)
 End Bits:   [0x0000000111e0f000, 0x0000000113e0f000)

Polling page: 0x000000010db88000

CodeCache: size=245760Kb used=12717Kb max_used=14833Kb free=233042Kb
 bounds [0x0000000114c8c000, 0x0000000115b3c000, 0x0000000123c8c000]
 total_blobs=4325 nmethods=3672 adapters=564
 compilation: enabled

Compilation events (10 events):
Event: 43.529 Thread 0x00007feb86084000 4296       4       com.sun.prism.impl.BaseResourcePool::freeDisposalRequestedAndCheckResources (156 bytes)
Event: 43.536 Thread 0x00007feb86084000 nmethod 4296 0x0000000114ff2110 code [0x0000000114ff2280, 0x0000000114ff2458]
Event: 43.573 Thread 0x00007feb85079800 4297       4       java.util.ArrayList::remove (77 bytes)
Event: 43.579 Thread 0x00007feb85079800 nmethod 4297 0x0000000114ffcb90 code [0x0000000114ffcce0, 0x0000000114ffce98]
Event: 43.617 Thread 0x00007feb86084800 4298       3       java.lang.invoke.MethodType::changeReturnType (20 bytes)
Event: 43.618 Thread 0x00007feb86084800 nmethod 4298 0x0000000115060190 code [0x0000000115060300, 0x0000000115060588]
Event: 43.620 Thread 0x00007feb86084000 4299       4       java.lang.Class::getName (21 bytes)
Event: 43.620 Thread 0x00007feb86084000 nmethod 4299 0x0000000115065090 code [0x00000001150651e0, 0x0000000115065288]
Event: 43.620 Thread 0x00007feb86084800 4300       3       javafx.scene.Scene::getUserAgentStylesheet (22 bytes)
Event: 43.621 Thread 0x00007feb86084800 nmethod 4300 0x000000011514ac90 code [0x000000011514ae20, 0x000000011514b188]

GC Heap History (10 events):
Event: 41.174 GC heap before
{Heap before GC invocations=70 (full 0):
 PSYoungGen      total 137728K, used 137230K [0x0000000795580000, 0x00000007a1d00000, 0x00000007c0000000)
  eden space 134144K, 100% used [0x0000000795580000,0x000000079d880000,0x000000079d880000)
  from space 3584K, 86% used [0x00000007a1780000,0x00000007a1a83940,0x00000007a1b00000)
  to   space 2048K, 0% used [0x00000007a1b00000,0x00000007a1b00000,0x00000007a1d00000)
 ParOldGen       total 87552K, used 31376K [0x0000000740000000, 0x0000000745580000, 0x0000000795580000)
  object space 87552K, 35% used [0x0000000740000000,0x0000000741ea42c8,0x0000000745580000)
 Metaspace       used 18299K, capacity 19442K, committed 19712K, reserved 1067008K
  class space    used 2526K, capacity 2760K, committed 2816K, reserved 1048576K
Event: 41.179 GC heap after
Heap after GC invocations=70 (full 0):
 PSYoungGen      total 131072K, used 2035K [0x0000000795580000, 0x00000007a1d00000, 0x00000007c0000000)
  eden space 129024K, 0% used [0x0000000795580000,0x0000000795580000,0x000000079d380000)
  from space 2048K, 99% used [0x00000007a1b00000,0x00000007a1cfcef0,0x00000007a1d00000)
  to   space 3584K, 0% used [0x00000007a1600000,0x00000007a1600000,0x00000007a1980000)
 ParOldGen       total 87552K, used 31878K [0x0000000740000000, 0x0000000745580000, 0x0000000795580000)
  object space 87552K, 36% used [0x0000000740000000,0x0000000741f218b8,0x0000000745580000)
 Metaspace       used 18299K, capacity 19442K, committed 19712K, reserved 1067008K
  class space    used 2526K, capacity 2760K, committed 2816K, reserved 1048576K
}
Event: 41.588 GC heap before
{Heap before GC invocations=71 (full 0):
 PSYoungGen      total 131072K, used 131059K [0x0000000795580000, 0x00000007a1d00000, 0x00000007c0000000)
  eden space 129024K, 100% used [0x0000000795580000,0x000000079d380000,0x000000079d380000)
  from space 2048K, 99% used [0x00000007a1b00000,0x00000007a1cfcef0,0x00000007a1d00000)
  to   space 3584K, 0% used [0x00000007a1600000,0x00000007a1600000,0x00000007a1980000)
 ParOldGen       total 87552K, used 31883K [0x0000000740000000, 0x0000000745580000, 0x0000000795580000)
  object space 87552K, 36% used [0x0000000740000000,0x0000000741f22e60,0x0000000745580000)
 Metaspace       used 18299K, capacity 19442K, committed 19712K, reserved 1067008K
  class space    used 2526K, capacity 2760K, committed 2816K, reserved 1048576K
Event: 41.596 GC heap after
Heap after GC invocations=71 (full 0):
 PSYoungGen      total 157696K, used 2243K [0x0000000795580000, 0x00000007a1b80000, 0x00000007c0000000)
  eden space 155136K, 0% used [0x0000000795580000,0x0000000795580000,0x000000079ed00000)
  from space 2560K, 87% used [0x00000007a1600000,0x00000007a1830fe0,0x00000007a1880000)
  to   space 3072K, 0% used [0x00000007a1880000,0x00000007a1880000,0x00000007a1b80000)
 ParOldGen       total 87552K, used 33997K [0x0000000740000000, 0x0000000745580000, 0x0000000795580000)
  object space 87552K, 38% used [0x0000000740000000,0x0000000742133590,0x0000000745580000)
 Metaspace       used 18299K, capacity 19442K, committed 19712K, reserved 1067008K
  class space    used 2526K, capacity 2760K, committed 2816K, reserved 1048576K
}
Event: 42.065 GC heap before
{Heap before GC invocations=72 (full 0):
 PSYoungGen      total 157696K, used 157379K [0x0000000795580000, 0x00000007a1b80000, 0x00000007c0000000)
  eden space 155136K, 100% used [0x0000000795580000,0x000000079ed00000,0x000000079ed00000)
  from space 2560K, 87% used [0x00000007a1600000,0x00000007a1830fe0,0x00000007a1880000)
  to   space 3072K, 0% used [0x00000007a1880000,0x00000007a1880000,0x00000007a1b80000)
 ParOldGen       total 87552K, used 33997K [0x0000000740000000, 0x0000000745580000, 0x0000000795580000)
  object space 87552K, 38% used [0x0000000740000000,0x0000000742133590,0x0000000745580000)
 Metaspace       used 18299K, capacity 19442K, committed 19712K, reserved 1067008K
  class space    used 2526K, capacity 2760K, committed 2816K, reserved 1048576K
Event: 42.069 GC heap after
Heap after GC invocations=72 (full 0):
 PSYoungGen      total 189440K, used 3061K [0x0000000795580000, 0x00000007a1b80000, 0x00000007c0000000)
  eden space 186368K, 0% used [0x0000000795580000,0x0000000795580000,0x00000007a0b80000)
  from space 3072K, 99% used [0x00000007a1880000,0x00000007a1b7d610,0x00000007a1b80000)
  to   space 4096K, 0% used [0x00000007a1380000,0x00000007a1380000,0x00000007a1780000)
 ParOldGen       total 87552K, used 34510K [0x0000000740000000, 0x0000000745580000, 0x0000000795580000)
  object space 87552K, 39% used [0x0000000740000000,0x00000007421b3830,0x0000000745580000)
 Metaspace       used 18299K, capacity 19442K, committed 19712K, reserved 1067008K
  class space    used 2526K, capacity 2760K, committed 2816K, reserved 1048576K
}
Event: 42.692 GC heap before
{Heap before GC invocations=73 (full 0):
 PSYoungGen      total 189440K, used 189429K [0x0000000795580000, 0x00000007a1b80000, 0x00000007c0000000)
  eden space 186368K, 100% used [0x0000000795580000,0x00000007a0b80000,0x00000007a0b80000)
  from space 3072K, 99% used [0x00000007a1880000,0x00000007a1b7d610,0x00000007a1b80000)
  to   space 4096K, 0% used [0x00000007a1380000,0x00000007a1380000,0x00000007a1780000)
 ParOldGen       total 87552K, used 34510K [0x0000000740000000, 0x0000000745580000, 0x0000000795580000)
  object space 87552K, 39% used [0x0000000740000000,0x00000007421b3830,0x0000000745580000)
 Metaspace       used 18301K, capacity 19450K, committed 19712K, reserved 1067008K
  class space    used 2526K, capacity 2760K, committed 2816K, reserved 1048576K
Event: 42.697 GC heap after
Heap after GC invocations=73 (full 0):
 PSYoungGen      total 198656K, used 2925K [0x0000000795580000, 0x00000007a3800000, 0x00000007c0000000)
  eden space 194560K, 0% used [0x0000000795580000,0x0000000795580000,0x00000007a1380000)
  from space 4096K, 71% used [0x00000007a1380000,0x00000007a165b5d0,0x00000007a1780000)
  to   space 4096K, 0% used [0x00000007a3400000,0x00000007a3400000,0x00000007a3800000)
 ParOldGen       total 87552K, used 35285K [0x0000000740000000, 0x0000000745580000, 0x0000000795580000)
  object space 87552K, 40% used [0x0000000740000000,0x0000000742275460,0x0000000745580000)
 Metaspace       used 18301K, capacity 19450K, committed 19712K, reserved 1067008K
  class space    used 2526K, capacity 2760K, committed 2816K, reserved 1048576K
}
Event: 43.328 GC heap before
{Heap before GC invocations=74 (full 0):
 PSYoungGen      total 198656K, used 197485K [0x0000000795580000, 0x00000007a3800000, 0x00000007c0000000)
  eden space 194560K, 100% used [0x0000000795580000,0x00000007a1380000,0x00000007a1380000)
  from space 4096K, 71% used [0x00000007a1380000,0x00000007a165b5d0,0x00000007a1780000)
  to   space 4096K, 0% used [0x00000007a3400000,0x00000007a3400000,0x00000007a3800000)
 ParOldGen       total 87552K, used 35285K [0x0000000740000000, 0x0000000745580000, 0x0000000795580000)
  object space 87552K, 40% used [0x0000000740000000,0x0000000742275460,0x0000000745580000)
 Metaspace       used 18307K, capacity 19514K, committed 19712K, reserved 1067008K
  class space    used 2526K, capacity 2760K, committed 2816K, reserved 1048576K
Event: 43.334 GC heap after
Heap after GC invocations=74 (full 0):
 PSYoungGen      total 227840K, used 3158K [0x0000000795580000, 0x00000007a4180000, 0x00000007c0000000)
  eden space 223744K, 0% used [0x0000000795580000,0x0000000795580000,0x00000007a3000000)
  from space 4096K, 77% used [0x00000007a3400000,0x00000007a3715ab0,0x00000007a3800000)
  to   space 4096K, 0% used [0x00000007a3000000,0x00000007a3000000,0x00000007a3400000)
 ParOldGen       total 87552K, used 35309K [0x0000000740000000, 0x0000000745580000, 0x0000000795580000)
  object space 87552K, 40% used [0x0000000740000000,0x000000074227b460,0x0000000745580000)
 Metaspace       used 18307K, capacity 19514K, committed 19712K, reserved 1067008K
  class space    used 2526K, capacity 2760K, committed 2816K, reserved 1048576K
}

Deoptimization events (10 events):
Event: 21.273 Thread 0x00007feb85108000 Uncommon trap: reason=class_check action=maybe_recompile pc=0x0000000114d9c98c method=java.lang.reflect.Array.newInstance(Ljava/lang/Class;I)Ljava/lang/Object; @ 2
Event: 21.274 Thread 0x00007feb85108000 Uncommon trap: reason=class_check action=maybe_recompile pc=0x0000000114d9c98c method=java.lang.reflect.Array.newInstance(Ljava/lang/Class;I)Ljava/lang/Object; @ 2
Event: 21.274 Thread 0x00007feb85108000 Uncommon trap: reason=class_check action=maybe_recompile pc=0x0000000114d9c98c method=java.lang.reflect.Array.newInstance(Ljava/lang/Class;I)Ljava/lang/Object; @ 2
Event: 42.148 Thread 0x00007feb85108000 Uncommon trap: reason=unstable_if action=reinterpret pc=0x00000001159f6e00 method=javafx.scene.Node.impl_updatePeer()V @ 132
Event: 42.148 Thread 0x00007feb85108000 Uncommon trap: reason=unstable_if action=reinterpret pc=0x0000000115ac73e0 method=javafx.scene.layout.Region.impl_updatePeer()V @ 120
Event: 42.149 Thread 0x00007feb859c4800 Uncommon trap: reason=unstable_if action=reinterpret pc=0x0000000115b0b22c method=com.sun.javafx.sg.prism.NGNode.computeDirtyRegion(Lcom/sun/javafx/geom/RectBounds;Lcom/sun/javafx/geom/transform/BaseTransform;Lcom/sun/javafx/geom/transform/GeneralTransfor
Event: 42.150 Thread 0x00007feb859c4800 Uncommon trap: reason=unstable_if action=reinterpret pc=0x0000000115af2950 method=javafx.scene.paint.LinearGradient.acc_getPlatformPaint()Ljava/lang/Object; @ 4
Event: 42.152 Thread 0x00007feb859c4800 Uncommon trap: reason=unstable_if action=reinterpret pc=0x00000001158396c4 method=com.sun.prism.es2.ES2Shader.setConstant(Ljava/lang/String;F)V @ 48
Event: 43.615 Thread 0x00007feb85108000 Uncommon trap: reason=bimorphic action=maybe_recompile pc=0x0000000115aeef6c method=com.sun.javafx.binding.ExpressionHelper$Generic.fireValueChangedEvent()V @ 91
Event: 43.616 Thread 0x00007feb85108000 Uncommon trap: reason=predicate action=maybe_recompile pc=0x0000000114ffce14 method=java.util.ArrayList.remove(Ljava/lang/Object;)Z @ 49

Internal exceptions (10 events):
Event: 0.309 Thread 0x00007feb86805800 Exception <a 'java/lang/NullPointerException'> (0x0000000795a6bc10) thrown at [/Users/java_re/workspace/8-2-build-macosx-x86_64/jdk8u131/8869/hotspot/src/share/vm/interpreter/linkResolver.cpp, line 1197]
Event: 0.784 Thread 0x00007feb85108000 Exception <a 'java/lang/NullPointerException'> (0x0000000796647448) thrown at [/Users/java_re/workspace/8-2-build-macosx-x86_64/jdk8u131/8869/hotspot/src/share/vm/interpreter/linkResolver.cpp, line 1197]
Event: 0.784 Thread 0x00007feb85108000 Exception <a 'java/lang/NullPointerException'> (0x0000000796647448) thrown at [/Users/java_re/workspace/8-2-build-macosx-x86_64/jdk8u131/8869/hotspot/src/share/vm/prims/jvm.cpp, line 1394]
Event: 1.062 Thread 0x00007feb85108000 Implicit null exception at 0x0000000114ee51b5 to 0x0000000114ee53ad
Event: 1.859 Thread 0x00007feb85108000 Implicit null exception at 0x0000000114fb5384 to 0x0000000114fb63c1
Event: 1.927 Thread 0x00007feb85108000 Implicit null exception at 0x0000000115091666 to 0x0000000115091e75
Event: 2.114 Thread 0x00007feb85108000 Exception <a 'java/io/FileNotFoundException'> (0x0000000796227610) thrown at [/Users/java_re/workspace/8-2-build-macosx-x86_64/jdk8u131/8869/hotspot/src/share/vm/prims/jni.cpp, line 709]
Event: 2.115 Thread 0x00007feb85108000 Exception <a 'java/io/FileNotFoundException'> (0x0000000796229a70) thrown at [/Users/java_re/workspace/8-2-build-macosx-x86_64/jdk8u131/8869/hotspot/src/share/vm/prims/jni.cpp, line 709]
Event: 2.118 Thread 0x00007feb85108000 Exception <a 'java/io/FileNotFoundException'> (0x0000000796239e10) thrown at [/Users/java_re/workspace/8-2-build-macosx-x86_64/jdk8u131/8869/hotspot/src/share/vm/prims/jni.cpp, line 709]
Event: 2.118 Thread 0x00007feb85108000 Exception <a 'java/io/FileNotFoundException'> (0x000000079623c110) thrown at [/Users/java_re/workspace/8-2-build-macosx-x86_64/jdk8u131/8869/hotspot/src/share/vm/prims/jni.cpp, line 709]

Events (10 events):
Event: 43.620 loading class com/sun/javafx/tk/quantum/ViewScene done
Event: 43.621 loading class com/sun/javafx/tk/quantum/WindowStage
Event: 43.621 loading class com/sun/javafx/tk/quantum/WindowStage done
Event: 43.690 loading class java/util/concurrent/CopyOnWriteArrayList$COWIterator
Event: 43.690 loading class java/util/concurrent/CopyOnWriteArrayList$COWIterator done
Event: 43.690 loading class javafx/application/Application
Event: 43.690 loading class javafx/application/Application done
Event: 43.690 loading class javafx/application/Application
Event: 43.690 loading class javafx/application/Application done
Event: 43.705 Thread 0x00007feb868f5000 Thread exited: 0x00007feb868f5000


Dynamic libraries:
0x000000005d26b000 	/System/Library/Frameworks/Cocoa.framework/Versions/A/Cocoa
0x000000005d26b000 	/System/Library/Frameworks/Security.framework/Versions/A/Security
0x000000005d26b000 	/System/Library/Frameworks/ApplicationServices.framework/Versions/A/ApplicationServices
0x000000005d26b000 	/usr/lib/libz.1.dylib
0x000000005d26b000 	/usr/lib/libSystem.B.dylib
0x000000005d26b000 	/usr/lib/libobjc.A.dylib
0x000000005d26b000 	/System/Library/Frameworks/CoreFoundation.framework/Versions/A/CoreFoundation
0x000000005d26b000 	/System/Library/Frameworks/Foundation.framework/Versions/C/Foundation
0x000000005d26b000 	/System/Library/Frameworks/AppKit.framework/Versions/C/AppKit
0x000000005d26b000 	/System/Library/Frameworks/CoreData.framework/Versions/A/CoreData
0x000000005d26b000 	/System/Library/PrivateFrameworks/RemoteViewServices.framework/Versions/A/RemoteViewServices
0x000000005d26b000 	/System/Library/PrivateFrameworks/UIFoundation.framework/Versions/A/UIFoundation
0x000000005d26b000 	/System/Library/PrivateFrameworks/DFRFoundation.framework/Versions/A/DFRFoundation
0x000000005d26b000 	/usr/lib/libenergytrace.dylib
0x000000005d26b000 	/System/Library/PrivateFrameworks/SkyLight.framework/Versions/A/SkyLight
0x000000005d26b000 	/System/Library/Frameworks/CoreGraphics.framework/Versions/A/CoreGraphics
0x000000005d26b000 	/usr/lib/libScreenReader.dylib
0x000000005d26b000 	/System/Library/Frameworks/Accelerate.framework/Versions/A/Accelerate
0x000000005d26b000 	/System/Library/Frameworks/IOSurface.framework/Versions/A/IOSurface
0x000000005d26b000 	/System/Library/Frameworks/AudioToolbox.framework/Versions/A/AudioToolbox
0x000000005d26b000 	/System/Library/Frameworks/AudioUnit.framework/Versions/A/AudioUnit
0x000000005d26b000 	/System/Library/PrivateFrameworks/DataDetectorsCore.framework/Versions/A/DataDetectorsCore
0x000000005d26b000 	/System/Library/PrivateFrameworks/DesktopServicesPriv.framework/Versions/A/DesktopServicesPriv
0x000000005d26b000 	/System/Library/Frameworks/Carbon.framework/Versions/A/Frameworks/HIToolbox.framework/Versions/A/HIToolbox
0x000000005d26b000 	/usr/lib/libicucore.A.dylib
0x000000005d26b000 	/System/Library/Frameworks/QuartzCore.framework/Versions/A/QuartzCore
0x000000005d26b000 	/System/Library/Frameworks/Carbon.framework/Versions/A/Frameworks/SpeechRecognition.framework/Versions/A/SpeechRecognition
0x000000005d26b000 	/usr/lib/libauto.dylib
0x000000005d26b000 	/usr/lib/libxml2.2.dylib
0x000000005d26b000 	/System/Library/PrivateFrameworks/CoreUI.framework/Versions/A/CoreUI
0x000000005d26b000 	/System/Library/Frameworks/CoreAudio.framework/Versions/A/CoreAudio
0x000000005d26b000 	/System/Library/Frameworks/DiskArbitration.framework/Versions/A/DiskArbitration
0x000000005d26b000 	/usr/lib/liblangid.dylib
0x000000005d26b000 	/System/Library/PrivateFrameworks/MultitouchSupport.framework/Versions/A/MultitouchSupport
0x000000005d26b000 	/System/Library/Frameworks/IOKit.framework/Versions/A/IOKit
0x000000005d26b000 	/usr/lib/libDiagnosticMessagesClient.dylib
0x000000005d26b000 	/System/Library/Frameworks/CoreServices.framework/Versions/A/CoreServices
0x000000005d26b000 	/System/Library/PrivateFrameworks/PerformanceAnalysis.framework/Versions/A/PerformanceAnalysis
0x000000005d26b000 	/System/Library/PrivateFrameworks/GenerationalStorage.framework/Versions/A/GenerationalStorage
0x000000005d26b000 	/System/Library/Frameworks/OpenGL.framework/Versions/A/OpenGL
0x000000005d26b000 	/System/Library/Frameworks/CoreImage.framework/Versions/A/CoreImage
0x000000005d26b000 	/System/Library/Frameworks/CoreText.framework/Versions/A/CoreText
0x000000005d26b000 	/System/Library/Frameworks/ImageIO.framework/Versions/A/ImageIO
0x000000005d26b000 	/System/Library/PrivateFrameworks/Backup.framework/Versions/A/Backup
0x000000005d26b000 	/usr/lib/libarchive.2.dylib
0x000000005d26b000 	/System/Library/Frameworks/CFNetwork.framework/Versions/A/CFNetwork
0x000000005d26b000 	/System/Library/Frameworks/SystemConfiguration.framework/Versions/A/SystemConfiguration
0x000000005d26b000 	/usr/lib/libCRFSuite.dylib
0x000000005d26b000 	/usr/lib/libc++.1.dylib
0x000000005d26b000 	/usr/lib/libc++abi.dylib
0x000000005d26b000 	/usr/lib/system/libcache.dylib
0x000000005d26b000 	/usr/lib/system/libcommonCrypto.dylib
0x000000005d26b000 	/usr/lib/system/libcompiler_rt.dylib
0x000000005d26b000 	/usr/lib/system/libcopyfile.dylib
0x000000005d26b000 	/usr/lib/system/libcorecrypto.dylib
0x000000005d26b000 	/usr/lib/system/libdispatch.dylib
0x000000005d26b000 	/usr/lib/system/libdyld.dylib
0x000000005d26b000 	/usr/lib/system/libkeymgr.dylib
0x000000005d26b000 	/usr/lib/system/liblaunch.dylib
0x000000005d26b000 	/usr/lib/system/libmacho.dylib
0x000000005d26b000 	/usr/lib/system/libquarantine.dylib
0x000000005d26b000 	/usr/lib/system/libremovefile.dylib
0x000000005d26b000 	/usr/lib/system/libsystem_asl.dylib
0x000000005d26b000 	/usr/lib/system/libsystem_blocks.dylib
0x000000005d26b000 	/usr/lib/system/libsystem_c.dylib
0x000000005d26b000 	/usr/lib/system/libsystem_configuration.dylib
0x000000005d26b000 	/usr/lib/system/libsystem_coreservices.dylib
0x000000005d26b000 	/usr/lib/system/libsystem_coretls.dylib
0x000000005d26b000 	/usr/lib/system/libsystem_dnssd.dylib
0x000000005d26b000 	/usr/lib/system/libsystem_info.dylib
0x000000005d26b000 	/usr/lib/system/libsystem_kernel.dylib
0x000000005d26b000 	/usr/lib/system/libsystem_m.dylib
0x000000005d26b000 	/usr/lib/system/libsystem_malloc.dylib
0x000000005d26b000 	/usr/lib/system/libsystem_network.dylib
0x000000005d26b000 	/usr/lib/system/libsystem_networkextension.dylib
0x000000005d26b000 	/usr/lib/system/libsystem_notify.dylib
0x000000005d26b000 	/usr/lib/system/libsystem_platform.dylib
0x000000005d26b000 	/usr/lib/system/libsystem_pthread.dylib
0x000000005d26b000 	/usr/lib/system/libsystem_sandbox.dylib
0x000000005d26b000 	/usr/lib/system/libsystem_secinit.dylib
0x000000005d26b000 	/usr/lib/system/libsystem_symptoms.dylib
0x000000005d26b000 	/usr/lib/system/libsystem_trace.dylib
0x000000005d26b000 	/usr/lib/system/libunwind.dylib
0x000000005d26b000 	/usr/lib/system/libxpc.dylib
0x000000005d26b000 	/usr/lib/libbsm.0.dylib
0x000000005d26b000 	/usr/lib/system/libkxld.dylib
0x000000005d26b000 	/usr/lib/libcoretls.dylib
0x000000005d26b000 	/usr/lib/libcoretls_cfhelpers.dylib
0x000000005d26b000 	/usr/lib/libOpenScriptingUtil.dylib
0x000000005d26b000 	/usr/lib/libpam.2.dylib
0x000000005d26b000 	/usr/lib/libsqlite3.dylib
0x000000005d26b000 	/usr/lib/libxar.1.dylib
0x000000005d26b000 	/usr/lib/libbz2.1.0.dylib
0x000000005d26b000 	/usr/lib/liblzma.5.dylib
0x000000005d26b000 	/usr/lib/libnetwork.dylib
0x000000005d26b000 	/usr/lib/libpcap.A.dylib
0x000000005d26b000 	/System/Library/Frameworks/CoreServices.framework/Versions/A/Frameworks/FSEvents.framework/Versions/A/FSEvents
0x000000005d26b000 	/System/Library/Frameworks/CoreServices.framework/Versions/A/Frameworks/CarbonCore.framework/Versions/A/CarbonCore
0x000000005d26b000 	/System/Library/Frameworks/CoreServices.framework/Versions/A/Frameworks/Metadata.framework/Versions/A/Metadata
0x000000005d26b000 	/System/Library/Frameworks/CoreServices.framework/Versions/A/Frameworks/OSServices.framework/Versions/A/OSServices
0x000000005d26b000 	/System/Library/Frameworks/CoreServices.framework/Versions/A/Frameworks/SearchKit.framework/Versions/A/SearchKit
0x000000005d26b000 	/System/Library/Frameworks/CoreServices.framework/Versions/A/Frameworks/AE.framework/Versions/A/AE
0x000000005d26b000 	/System/Library/Frameworks/CoreServices.framework/Versions/A/Frameworks/LaunchServices.framework/Versions/A/LaunchServices
0x000000005d26b000 	/System/Library/Frameworks/CoreServices.framework/Versions/A/Frameworks/DictionaryServices.framework/Versions/A/DictionaryServices
0x000000005d26b000 	/System/Library/Frameworks/CoreServices.framework/Versions/A/Frameworks/SharedFileList.framework/Versions/A/SharedFileList
0x000000005d26b000 	/System/Library/Frameworks/NetFS.framework/Versions/A/NetFS
0x000000005d26b000 	/System/Library/PrivateFrameworks/NetAuth.framework/Versions/A/NetAuth
0x000000005d26b000 	/System/Library/PrivateFrameworks/login.framework/Versions/A/Frameworks/loginsupport.framework/Versions/A/loginsupport
0x000000005d26b000 	/System/Library/PrivateFrameworks/TCC.framework/Versions/A/TCC
0x000000005d26b000 	/usr/lib/libmecabra.dylib
0x000000005d26b000 	/System/Library/Frameworks/ApplicationServices.framework/Versions/A/Frameworks/ATS.framework/Versions/A/ATS
0x000000005d26b000 	/System/Library/Frameworks/ApplicationServices.framework/Versions/A/Frameworks/ColorSync.framework/Versions/A/ColorSync
0x000000005d26b000 	/System/Library/Frameworks/ApplicationServices.framework/Versions/A/Frameworks/HIServices.framework/Versions/A/HIServices
0x000000005d26b000 	/System/Library/Frameworks/ApplicationServices.framework/Versions/A/Frameworks/LangAnalysis.framework/Versions/A/LangAnalysis
0x000000005d26b000 	/System/Library/Frameworks/ApplicationServices.framework/Versions/A/Frameworks/PrintCore.framework/Versions/A/PrintCore
0x000000005d26b000 	/System/Library/Frameworks/ApplicationServices.framework/Versions/A/Frameworks/QD.framework/Versions/A/QD
0x000000005d26b000 	/System/Library/Frameworks/ApplicationServices.framework/Versions/A/Frameworks/SpeechSynthesis.framework/Versions/A/SpeechSynthesis
0x000000005d26b000 	/System/Library/Frameworks/Accelerate.framework/Versions/A/Frameworks/vImage.framework/Versions/A/vImage
0x000000005d26b000 	/System/Library/Frameworks/Accelerate.framework/Versions/A/Frameworks/vecLib.framework/Versions/A/vecLib
0x000000005d26b000 	/System/Library/Frameworks/Accelerate.framework/Versions/A/Frameworks/vecLib.framework/Versions/A/libvDSP.dylib
0x000000005d26b000 	/System/Library/Frameworks/Accelerate.framework/Versions/A/Frameworks/vecLib.framework/Versions/A/libBNNS.dylib
0x000000005d26b000 	/System/Library/Frameworks/Accelerate.framework/Versions/A/Frameworks/vecLib.framework/Versions/A/libQuadrature.dylib
0x000000005d26b000 	/System/Library/Frameworks/Accelerate.framework/Versions/A/Frameworks/vecLib.framework/Versions/A/libvMisc.dylib
0x000000005d26b000 	/System/Library/Frameworks/Accelerate.framework/Versions/A/Frameworks/vecLib.framework/Versions/A/libLAPACK.dylib
0x000000005d26b000 	/System/Library/Frameworks/Accelerate.framework/Versions/A/Frameworks/vecLib.framework/Versions/A/libBLAS.dylib
0x000000005d26b000 	/System/Library/Frameworks/Accelerate.framework/Versions/A/Frameworks/vecLib.framework/Versions/A/libLinearAlgebra.dylib
0x000000005d26b000 	/System/Library/Frameworks/Accelerate.framework/Versions/A/Frameworks/vecLib.framework/Versions/A/libSparseBLAS.dylib
0x000000005d26b000 	/System/Library/Frameworks/ApplicationServices.framework/Versions/A/Frameworks/ATS.framework/Versions/A/Resources/libFontParser.dylib
0x000000005d26b000 	/System/Library/Frameworks/ApplicationServices.framework/Versions/A/Frameworks/ATS.framework/Versions/A/Resources/libFontRegistry.dylib
0x000000005d26b000 	/System/Library/Frameworks/ImageIO.framework/Versions/A/Resources/libJPEG.dylib
0x000000005d26b000 	/System/Library/Frameworks/ImageIO.framework/Versions/A/Resources/libTIFF.dylib
0x000000005d26b000 	/System/Library/Frameworks/ImageIO.framework/Versions/A/Resources/libPng.dylib
0x000000005d26b000 	/System/Library/Frameworks/ImageIO.framework/Versions/A/Resources/libGIF.dylib
0x000000005d26b000 	/System/Library/Frameworks/ImageIO.framework/Versions/A/Resources/libJP2.dylib
0x000000005d26b000 	/System/Library/Frameworks/ImageIO.framework/Versions/A/Resources/libRadiance.dylib
0x000000005d26b000 	/usr/lib/libcompression.dylib
0x000000005d26b000 	/System/Library/PrivateFrameworks/AppleJPEG.framework/Versions/A/AppleJPEG
0x000000005d26b000 	/usr/lib/libcups.2.dylib
0x000000005d26b000 	/System/Library/Frameworks/Kerberos.framework/Versions/A/Kerberos
0x000000005d26b000 	/System/Library/Frameworks/GSS.framework/Versions/A/GSS
0x000000005d26b000 	/usr/lib/libresolv.9.dylib
0x000000005d26b000 	/usr/lib/libiconv.2.dylib
0x000000005d26b000 	/System/Library/PrivateFrameworks/Heimdal.framework/Versions/A/Heimdal
0x000000005d26b000 	/usr/lib/libheimdal-asn1.dylib
0x000000005d26b000 	/System/Library/Frameworks/OpenDirectory.framework/Versions/A/OpenDirectory
0x000000005d26b000 	/System/Library/PrivateFrameworks/CommonAuth.framework/Versions/A/CommonAuth
0x000000005d26b000 	/System/Library/Frameworks/OpenDirectory.framework/Versions/A/Frameworks/CFOpenDirectory.framework/Versions/A/CFOpenDirectory
0x000000005d26b000 	/System/Library/Frameworks/SecurityFoundation.framework/Versions/A/SecurityFoundation
0x000000005d26b000 	/System/Library/PrivateFrameworks/LanguageModeling.framework/Versions/A/LanguageModeling
0x000000005d26b000 	/usr/lib/libmarisa.dylib
0x000000005d26b000 	/usr/lib/libChineseTokenizer.dylib
0x000000005d26b000 	/usr/lib/libcmph.dylib
0x000000005d26b000 	/System/Library/PrivateFrameworks/CoreEmoji.framework/Versions/A/CoreEmoji
0x000000005d26b000 	/System/Library/Frameworks/ServiceManagement.framework/Versions/A/ServiceManagement
0x000000005d26b000 	/usr/lib/libxslt.1.dylib
0x000000005d26b000 	/System/Library/Frameworks/Carbon.framework/Versions/A/Frameworks/Ink.framework/Versions/A/Ink
0x000000005d26b000 	/System/Library/PrivateFrameworks/TextureIO.framework/Versions/A/TextureIO
0x000000005d26b000 	/System/Library/Frameworks/Metal.framework/Versions/A/Metal
0x000000005d26b000 	/usr/lib/libate.dylib
0x000000005d26b000 	/System/Library/PrivateFrameworks/GPUCompiler.framework/libmetal_timestamp.dylib
0x000000005d26b000 	/System/Library/Frameworks/OpenGL.framework/Versions/A/Libraries/libCoreFSCache.dylib
0x000000005d26b000 	/System/Library/PrivateFrameworks/IOAccelerator.framework/Versions/A/IOAccelerator
0x000000005d26b000 	/System/Library/Frameworks/CoreVideo.framework/Versions/A/CoreVideo
0x000000005d26b000 	/usr/lib/libFosl_dynamic.dylib
0x000000005d26b000 	/System/Library/PrivateFrameworks/MetalPerformanceShaders.framework/Versions/A/MetalPerformanceShaders
0x000000005d26b000 	/System/Library/PrivateFrameworks/FaceCore.framework/Versions/A/FaceCore
0x000000005d26b000 	/System/Library/Frameworks/OpenCL.framework/Versions/A/OpenCL
0x000000005d26b000 	/System/Library/Frameworks/OpenGL.framework/Versions/A/Libraries/libGLU.dylib
0x000000005d26b000 	/System/Library/Frameworks/OpenGL.framework/Versions/A/Libraries/libGFXShared.dylib
0x000000005d26b000 	/System/Library/Frameworks/OpenGL.framework/Versions/A/Libraries/libGL.dylib
0x000000005d26b000 	/System/Library/Frameworks/OpenGL.framework/Versions/A/Libraries/libGLImage.dylib
0x000000005d26b000 	/System/Library/Frameworks/OpenGL.framework/Versions/A/Libraries/libCVMSPluginSupport.dylib
0x000000005d26b000 	/System/Library/Frameworks/OpenGL.framework/Versions/A/Libraries/libCoreVMClient.dylib
0x000000005d26b000 	/System/Library/PrivateFrameworks/CrashReporterSupport.framework/Versions/A/CrashReporterSupport
0x000000005d26b000 	/System/Library/PrivateFrameworks/Sharing.framework/Versions/A/Sharing
0x000000005d26b000 	/System/Library/PrivateFrameworks/IconServices.framework/Versions/A/IconServices
0x000000005d26b000 	/System/Library/PrivateFrameworks/ProtocolBuffer.framework/Versions/A/ProtocolBuffer
0x000000005d26b000 	/System/Library/PrivateFrameworks/Apple80211.framework/Versions/A/Apple80211
0x000000005d26b000 	/System/Library/Frameworks/CoreWLAN.framework/Versions/A/CoreWLAN
0x000000005d26b000 	/System/Library/PrivateFrameworks/CoreUtils.framework/Versions/A/CoreUtils
0x000000005d26b000 	/System/Library/Frameworks/IOBluetooth.framework/Versions/A/IOBluetooth
0x000000005d26b000 	/System/Library/PrivateFrameworks/CoreWiFi.framework/Versions/A/CoreWiFi
0x000000005d26b000 	/System/Library/Frameworks/CoreBluetooth.framework/Versions/A/CoreBluetooth
0x000000005d26b000 	/System/Library/Frameworks/CoreDisplay.framework/Versions/A/CoreDisplay
0x000000005d26b000 	/System/Library/PrivateFrameworks/IOPresentment.framework/Versions/A/IOPresentment
0x000000005d26b000 	/System/Library/PrivateFrameworks/DSExternalDisplay.framework/Versions/A/DSExternalDisplay
0x000000005d26b000 	/System/Library/PrivateFrameworks/DebugSymbols.framework/Versions/A/DebugSymbols
0x000000005d26b000 	/System/Library/PrivateFrameworks/CoreSymbolication.framework/Versions/A/CoreSymbolication
0x000000005d26b000 	/System/Library/PrivateFrameworks/Symbolication.framework/Versions/A/Symbolication
0x000000005d26b000 	/System/Library/PrivateFrameworks/AppleFSCompression.framework/Versions/A/AppleFSCompression
0x000000005d26b000 	/System/Library/PrivateFrameworks/SpeechRecognitionCore.framework/Versions/A/SpeechRecognitionCore
0x000000005d26b000 	/System/Library/PrivateFrameworks/ChunkingLibrary.framework/Versions/A/ChunkingLibrary
0x000000010e400000 	/Library/Java/JavaVirtualMachines/jdk1.8.0_131.jdk/Contents/Home/jre/lib/server/libjvm.dylib
0x000000005d26b000 	/usr/lib/libstdc++.6.dylib
0x000000010db45000 	/Library/Java/JavaVirtualMachines/jdk1.8.0_131.jdk/Contents/Home/jre/lib/libverify.dylib
0x000000010db53000 	/Library/Java/JavaVirtualMachines/jdk1.8.0_131.jdk/Contents/Home/jre/lib/libjava.dylib
0x000000010db89000 	/Library/Java/JavaVirtualMachines/jdk1.8.0_131.jdk/Contents/Home/jre/lib/libinstrument.dylib
0x000000010dbe7000 	/Library/Java/JavaVirtualMachines/jdk1.8.0_131.jdk/Contents/Home/jre/lib/libzip.dylib
0x0000000124d71000 	/System/Library/Frameworks/JavaVM.framework/Frameworks/JavaRuntimeSupport.framework/JavaRuntimeSupport
0x0000000124d8b000 	/System/Library/Frameworks/JavaVM.framework/Versions/A/Frameworks/JavaNativeFoundation.framework/Versions/A/JavaNativeFoundation
0x000000010dbf0000 	/System/Library/Frameworks/JavaVM.framework/Versions/A/JavaVM
0x000000005d26b000 	/System/Library/Frameworks/Carbon.framework/Versions/A/Carbon
0x0000000124da0000 	/System/Library/PrivateFrameworks/JavaLaunching.framework/Versions/A/JavaLaunching
0x000000005d26b000 	/System/Library/Frameworks/Carbon.framework/Versions/A/Frameworks/CommonPanels.framework/Versions/A/CommonPanels
0x000000005d26b000 	/System/Library/Frameworks/Carbon.framework/Versions/A/Frameworks/Help.framework/Versions/A/Help
0x000000005d26b000 	/System/Library/Frameworks/Carbon.framework/Versions/A/Frameworks/ImageCapture.framework/Versions/A/ImageCapture
0x000000005d26b000 	/System/Library/Frameworks/Carbon.framework/Versions/A/Frameworks/OpenScripting.framework/Versions/A/OpenScripting
0x000000005d26b000 	/System/Library/Frameworks/Carbon.framework/Versions/A/Frameworks/Print.framework/Versions/A/Print
0x000000005d26b000 	/System/Library/Frameworks/Carbon.framework/Versions/A/Frameworks/SecurityHI.framework/Versions/A/SecurityHI
0x00000001267c7000 	/Library/Java/JavaVirtualMachines/jdk1.8.0_131.jdk/Contents/Home/jre/lib/libnet.dylib
0x00000001268bd000 	/Library/Java/JavaVirtualMachines/jdk1.8.0_131.jdk/Contents/Home/jre/lib/libprism_es2.dylib
0x0000000126923000 	/System/Library/Frameworks/OpenGL.framework/Resources/GLEngine.bundle/GLEngine
0x000000005d26b000 	/System/Library/Frameworks/OpenGL.framework/Versions/A/Libraries/libGLProgrammability.dylib
0x0000000126b08000 	/System/Library/Extensions/AppleIntelBDWGraphicsGLDriver.bundle/Contents/MacOS/AppleIntelBDWGraphicsGLDriver
0x000000005d26b000 	/System/Library/PrivateFrameworks/GPUSupport.framework/Versions/A/Libraries/libGPUSupportMercury.dylib
0x0000000127275000 	/System/Library/Frameworks/OpenGL.framework/Resources//GLRendererFloat.bundle/GLRendererFloat
0x000000005d26b000 	/System/Library/Frameworks/OpenCL.framework/Versions/A/Libraries/libcldcpuengine.dylib
0x000000005d26b000 	/usr/lib/libcrypto.0.9.8.dylib
0x000000005d26b000 	/System/Library/PrivateFrameworks/TrustEvaluationAgent.framework/Versions/A/TrustEvaluationAgent
0x0000000127698000 	/Library/Java/JavaVirtualMachines/jdk1.8.0_131.jdk/Contents/Home/jre/lib/libglass.dylib
0x000000005d26b000 	/System/Library/PrivateFrameworks/CoreServicesInternal.framework/Versions/A/CoreServicesInternal
0x000000005d26b000 	/System/Library/CoreServices/RawCamera.bundle/Contents/MacOS/RawCamera
0x000000005d26b000 	/System/Library/Frameworks/Accelerate.framework/Versions/A/Frameworks/vImage.framework/Versions/A/Libraries/libCGInterfaces.dylib
0x000000005d26b000 	/System/Library/PrivateFrameworks/FamilyControls.framework/Versions/A/FamilyControls
0x000000005d26b000 	/System/Library/PrivateFrameworks/CommerceKit.framework/Versions/A/Frameworks/CommerceCore.framework/Versions/A/CommerceCore
0x000000005d26b000 	/System/Library/PrivateFrameworks/SystemAdministration.framework/Versions/A/SystemAdministration
0x000000005d26b000 	/System/Library/PrivateFrameworks/AppContainer.framework/Versions/A/AppContainer
0x000000005d26b000 	/System/Library/PrivateFrameworks/SecCodeWrapper.framework/Versions/A/SecCodeWrapper
0x000000005d26b000 	/System/Library/Frameworks/DirectoryService.framework/Versions/A/DirectoryService
0x000000005d26b000 	/System/Library/PrivateFrameworks/DiskImages.framework/Versions/A/DiskImages
0x000000005d26b000 	/System/Library/PrivateFrameworks/LoginUIKit.framework/Versions/A/Frameworks/LoginUICore.framework/Versions/A/LoginUICore
0x000000005d26b000 	/usr/lib/libCoreStorage.dylib
0x000000005d26b000 	/usr/lib/libcsfde.dylib
0x000000005d26b000 	/usr/lib/libodfde.dylib
0x000000005d26b000 	/System/Library/Frameworks/DiscRecording.framework/Versions/A/DiscRecording
0x000000005d26b000 	/usr/lib/libcurl.4.dylib
0x000000005d26b000 	/System/Library/PrivateFrameworks/MediaKit.framework/Versions/A/MediaKit
0x000000005d26b000 	/System/Library/PrivateFrameworks/ProtectedCloudStorage.framework/Versions/A/ProtectedCloudStorage
0x000000005d26b000 	/System/Library/PrivateFrameworks/EFILogin.framework/Versions/A/EFILogin
0x000000005d26b000 	/usr/lib/libutil.dylib
0x000000005d26b000 	/System/Library/Frameworks/LDAP.framework/Versions/A/LDAP
0x000000005d26b000 	/usr/lib/libsasl2.2.dylib
0x000000005d26b000 	/System/Library/PrivateFrameworks/CoreDaemon.framework/Versions/B/CoreDaemon
0x000000005d26b000 	/System/Library/PrivateFrameworks/AppleSRP.framework/Versions/A/AppleSRP
0x000000005d26b000 	/System/Library/PrivateFrameworks/APFS.framework/Versions/A/APFS
0x0000000127710000 	/Library/Java/JavaVirtualMachines/jdk1.8.0_131.jdk/Contents/Home/jre/lib/libjavafx_font.dylib
0x000000005d26b000 	/System/Library/Frameworks/ApplicationServices.framework/Versions/A/Frameworks/ATS.framework/Versions/A/Resources/libTrueTypeScaler.dylib
0x0000000128606000 	/Library/Java/Extensions/librxtxSerial.jnilib
0x0000000130ae6000 	/System/Library/Extensions/AppleIntelBDWGraphicsMTLDriver.bundle/Contents/MacOS/AppleIntelBDWGraphicsMTLDriver
0x000000013202b000 	/Library/Java/JavaVirtualMachines/jdk1.8.0_131.jdk/Contents/Home/jre/lib/libprism_common.dylib
0x000000005d26b000 	/System/Library/PrivateFrameworks/ViewBridge.framework/Versions/A/ViewBridge
0x000000005d26b000 	/System/Library/PrivateFrameworks/XPCService.framework/Versions/A/XPCService
0x000000005d26b000 	/System/Library/PrivateFrameworks/AppSandbox.framework/Versions/A/AppSandbox
0x000000005d26b000 	/usr/lib/libsandbox.1.dylib
0x000000005d26b000 	/usr/lib/libMatch.1.dylib

VM Arguments:
jvm_args: -javaagent:/Applications/IntelliJ IDEA CE.app/Contents/lib/idea_rt.jar=56506:/Applications/IntelliJ IDEA CE.app/Contents/bin -Dfile.encoding=UTF-8 
java_command: sample.Main
java_class_path (initial): /Library/Java/JavaVirtualMachines/jdk1.8.0_131.jdk/Contents/Home/jre/lib/charsets.jar:/Library/Java/JavaVirtualMachines/jdk1.8.0_131.jdk/Contents/Home/jre/lib/deploy.jar:/Library/Java/JavaVirtualMachines/jdk1.8.0_131.jdk/Contents/Home/jre/lib/ext/cldrdata.jar:/Library/Java/JavaVirtualMachines/jdk1.8.0_131.jdk/Contents/Home/jre/lib/ext/dnsns.jar:/Library/Java/JavaVirtualMachines/jdk1.8.0_131.jdk/Contents/Home/jre/lib/ext/jaccess.jar:/Library/Java/JavaVirtualMachines/jdk1.8.0_131.jdk/Contents/Home/jre/lib/ext/jfxrt.jar:/Library/Java/JavaVirtualMachines/jdk1.8.0_131.jdk/Contents/Home/jre/lib/ext/localedata.jar:/Library/Java/JavaVirtualMachines/jdk1.8.0_131.jdk/Contents/Home/jre/lib/ext/nashorn.jar:/Library/Java/JavaVirtualMachines/jdk1.8.0_131.jdk/Contents/Home/jre/lib/ext/sunec.jar:/Library/Java/JavaVirtualMachines/jdk1.8.0_131.jdk/Contents/Home/jre/lib/ext/sunjce_provider.jar:/Library/Java/JavaVirtualMachines/jdk1.8.0_131.jdk/Contents/Home/jre/lib/ext/sunpkcs11.jar:/Library/Java/JavaVirtualMachines/jdk1.8.0_131.jdk/Contents/Home/jre/lib/ext/zipfs.jar:/Library/Java/JavaVirtualMachines/jdk1.8.0_131.jdk/Contents/Home/jre/lib/javaws.jar:/Library/Java/JavaVirtualMachines/jdk1.8.0_131.jdk/Contents/Home/jre/lib/jce.jar:/Library/Java/JavaVirtualMachines/jdk1.8.0_131.jdk/Contents/Home/jre/lib/jfr.jar:/Library/Java/JavaVirtualMachines/jdk1.8.0_131.jdk/Contents/Home/jre/lib/jfxswt.jar:/Library/Java/JavaVirtualMachines/jdk1.8.0_131.jdk/Contents/Home/jre/lib/jsse.jar:/Library/Java/JavaVirtualMachines/jdk1.8.0_131.jdk/Contents/Home/jre/lib/management-agent.jar:/Library/Java/JavaVirtualMachines/jdk1.8.0_131.jdk/Contents/Home/jre/lib/plugin.jar:/Library/Java/JavaVirtualMachines/jdk1.8.0_131.jdk/Contents/Home/jre/lib/resources.jar:/Library/Java/JavaVirtualMachines/jdk1.8.0_131.jdk/Contents/Home/jre/lib/rt.jar:/Library/Java/JavaVirtualMachines/jdk1.8.0_131.jdk/Contents/Home/lib/ant-javafx.jar:/Library/Java/JavaVirtualMachines/jdk1.8.0_131.jdk/Contents/Home
Launcher Type: SUN_STANDARD

Environment Variables:
PATH=/Users/thisum/google-cloud-sdk/bin:/Library/Frameworks/Python.framework/Versions/3.6/bin:/usr/local/bin:/usr/bin:/bin:/usr/sbin:/sbin:/opt/X11/bin
SHELL=/bin/bash
DISPLAY=/private/tmp/com.apple.launchd.W47yRcYQYK/org.macosforge.xquartz:0

Signal Handlers:
SIGSEGV: [libjvm.dylib+0x5b1eb1], sa_mask[0]=11111111011111110111111111111111, sa_flags=SA_ONSTACK|SA_RESTART|SA_SIGINFO
SIGBUS: [libjvm.dylib+0x5b1eb1], sa_mask[0]=11111111011111110111111111111111, sa_flags=SA_RESTART|SA_SIGINFO
SIGFPE: [libjvm.dylib+0x488988], sa_mask[0]=11111111011111110111111111111111, sa_flags=SA_RESTART|SA_SIGINFO
SIGPIPE: [libjvm.dylib+0x488988], sa_mask[0]=11111111011111110111111111111111, sa_flags=SA_RESTART|SA_SIGINFO
SIGXFSZ: [libjvm.dylib+0x488988], sa_mask[0]=11111111011111110111111111111111, sa_flags=SA_RESTART|SA_SIGINFO
SIGILL: [libjvm.dylib+0x488988], sa_mask[0]=11111111011111110111111111111111, sa_flags=SA_RESTART|SA_SIGINFO
SIGUSR1: SIG_DFL, sa_mask[0]=00000000000000000000000000000000, sa_flags=none
SIGUSR2: [libjvm.dylib+0x4884a6], sa_mask[0]=00100000000000000000000000000000, sa_flags=SA_RESTART|SA_SIGINFO
SIGHUP: [libjvm.dylib+0x486a7d], sa_mask[0]=11111111011111110111111111111111, sa_flags=SA_RESTART|SA_SIGINFO
SIGINT: [libjvm.dylib+0x486a7d], sa_mask[0]=11111111011111110111111111111111, sa_flags=SA_RESTART|SA_SIGINFO
SIGTERM: [libjvm.dylib+0x486a7d], sa_mask[0]=11111111011111110111111111111111, sa_flags=SA_RESTART|SA_SIGINFO
SIGQUIT: [libjvm.dylib+0x486a7d], sa_mask[0]=11111111011111110111111111111111, sa_flags=SA_RESTART|SA_SIGINFO


---------------  S Y S T E M  ---------------

OS:Bsduname:Darwin 16.6.0 Darwin Kernel Version 16.6.0: Fri Apr 14 16:21:16 PDT 2017; root:xnu-3789.60.24~6/RELEASE_X86_64 x86_64
rlimit: STACK 8192k, CORE 0k, NPROC 709, NOFILE 10240, AS infinity
load average:2.92 2.40 2.18

CPU:total 4 (initial active 4) (2 cores per cpu, 2 threads per core) family 6 model 61 stepping 4, cmov, cx8, fxsr, mmx, sse, sse2, sse3, ssse3, sse4.1, sse4.2, popcnt, avx, avx2, aes, clmul, erms, 3dnowpref, lzcnt, ht, tsc, tscinvbit, bmi1, bmi2, adx

Memory: 4k page, physical 8388608k(118608k free)

/proc/meminfo:


vm_info: Java HotSpot(TM) 64-Bit Server VM (25.131-b11) for bsd-amd64 JRE (1.8.0_131-b11), built on Mar 15 2017 01:32:22 by "java_re" with gcc 4.2.1 (Based on Apple Inc. build 5658) (LLVM build 2336.11.00)

time: Tue Sep  4 15:22:22 2018
elapsed time: 43 seconds (0d 0h 0m 43s)

